2023-06-27 23:17:30.790 [info] Log level: Info
2023-06-27 23:17:30.790 [info] Validating found git in: "git"
2023-06-27 23:17:30.790 [info] Using git "2.34.1" from "git"
2023-06-27 23:17:30.790 [info] > git rev-parse --show-toplevel [22ms]
2023-06-27 23:17:30.790 [info] fatal: not a git repository (or any of the parent directories): .git
2023-06-27 23:17:30.790 [info] > git rev-parse --show-toplevel [21ms]
2023-06-27 23:17:30.800 [info] > git rev-parse --git-dir --git-common-dir [9ms]
2023-06-27 23:17:30.808 [info] Open repository: /home/gregoriofranco/aa-projects/tech-setup-check
2023-06-27 23:17:30.817 [info] > git rev-parse --show-toplevel [6ms]
2023-06-27 23:17:30.817 [info] fatal: not a git repository (or any of the parent directories): .git
2023-06-27 23:17:30.818 [info] > git config --get commit.template [2ms]
2023-06-27 23:17:30.823 [info] > git for-each-ref --format=%(refname)%00%(upstream:short)%00%(objectname)%00%(upstream:track)%00%(upstream:remotename)%00%(upstream:remoteref) refs/heads/main refs/remotes/main [2ms]
2023-06-27 23:17:30.827 [info] > git status -z -uall [2ms]
2023-06-27 23:17:30.836 [info] > git config --get commit.template [1ms]
2023-06-27 23:17:30.839 [info] > git for-each-ref --format=%(refname)%00%(upstream:short)%00%(objectname)%00%(upstream:track)%00%(upstream:remotename)%00%(upstream:remoteref) refs/heads/main refs/remotes/main [1ms]
2023-06-27 23:17:30.841 [info] > git status -z -uall [0ms]
2023-06-27 23:17:31.329 [info] > git check-ignore -v -z --stdin [1ms]
2023-06-27 23:17:35.853 [info] > git check-ignore -v -z --stdin [0ms]
2023-06-27 23:17:45.982 [info] > git show --textconv :tech-setup-check.js [4ms]
2023-06-27 23:17:45.983 [info] > git ls-files --stage -- /home/gregoriofranco/aa-projects/tech-setup-check/tech-setup-check.js [2ms]
2023-06-27 23:17:52.978 [info] > git config --get commit.template [3ms]
2023-06-27 23:17:52.979 [info] > git for-each-ref --format=%(refname)%00%(upstream:short)%00%(objectname)%00%(upstream:track)%00%(upstream:remotename)%00%(upstream:remoteref) refs/heads/main refs/remotes/main [1ms]
2023-06-27 23:17:52.981 [info] > git status -z -uall [1ms]
2023-06-27 23:18:05.637 [info] > git rev-parse --show-toplevel [1ms]
2023-06-27 23:18:05.637 [info] fatal: not a git repository (or any of the parent directories): .git
2023-06-27 23:19:01.110 [info] > git rev-parse --show-toplevel [1ms]
2023-06-27 23:19:01.112 [info] > git rev-parse --git-dir --git-common-dir [1ms]
2023-06-27 23:19:01.115 [info] Open repository: /home/gregoriofranco/aa-projects
2023-06-27 23:19:01.119 [info] > git config --get commit.template [1ms]
2023-06-27 23:19:01.121 [info] No remotes found in the git config file.
2023-06-27 23:19:01.122 [info] > git for-each-ref --format=%(refname)%00%(upstream:short)%00%(objectname)%00%(upstream:track)%00%(upstream:remotename)%00%(upstream:remoteref) refs/heads/master refs/remotes/master [1ms]
2023-06-27 23:19:01.125 [info] > git status -z -uall [1ms]
2023-06-27 23:19:01.133 [info] > git config --get commit.template [1ms]
2023-06-27 23:19:01.135 [info] No remotes found in the git config file.
2023-06-27 23:19:01.135 [info] > git for-each-ref --format=%(refname)%00%(upstream:short)%00%(objectname)%00%(upstream:track)%00%(upstream:remotename)%00%(upstream:remoteref) refs/heads/master refs/remotes/master [0ms]
2023-06-27 23:19:01.138 [info] > git status -z -uall [0ms]
2023-06-27 23:19:01.433 [info] > git show --textconv :tech-setup-check.js [2ms]
2023-06-27 23:19:01.434 [info] > git ls-files --stage -- /home/gregoriofranco/aa-projects/tech-setup-check.js [1ms]
2023-06-27 23:19:01.634 [info] > git check-ignore -v -z --stdin [2ms]
2023-06-27 23:19:01.635 [info] > git check-ignore -v -z --stdin [1ms]
2023-06-27 23:20:33.091 [info] > git config --get commit.template [0ms]
2023-06-27 23:20:33.094 [info] No remotes found in the git config file.
2023-06-27 23:20:33.094 [info] > git for-each-ref --format=%(refname)%00%(upstream:short)%00%(objectname)%00%(upstream:track)%00%(upstream:remotename)%00%(upstream:remoteref) refs/heads/main refs/remotes/main [0ms]
2023-06-27 23:20:33.097 [info] > git status -z -uall [0ms]
2023-06-27 23:20:33.119 [info] > git ls-files --stage -- /home/gregoriofranco/aa-projects/tech-setup-check/tech-setup-check.js [4ms]
2023-06-27 23:20:33.119 [info] > git ls-files --stage -- /home/gregoriofranco/aa-projects/tech-setup-check.js [1ms]
2023-06-27 23:20:33.123 [info] > git cat-file -s f4a75a1c6e8374367e0205b2d639147d3ab8c737 [2ms]
2023-06-27 23:20:33.128 [info] > git show --textconv :tech-setup-check.js [3ms]
2023-06-27 23:20:33.128 [info] > git show --textconv :tech-setup-check.js [0ms]
2023-06-27 23:20:38.103 [info] > git config --get commit.template [0ms]
2023-06-27 23:20:38.106 [info] No remotes found in the git config file.
2023-06-27 23:20:38.106 [info] > git for-each-ref --format=%(refname)%00%(upstream:short)%00%(objectname)%00%(upstream:track)%00%(upstream:remotename)%00%(upstream:remoteref) refs/heads/main refs/remotes/main [1ms]
2023-06-27 23:20:38.108 [info] > git status -z -uall [0ms]
2023-06-27 23:20:40.687 [warning] ENOENT: no such file or directory, open '/home/gregoriofranco/aa-projects/tech-setup-check/.git/HEAD'
2023-06-27 23:20:40.691 [warning] getRemotes() - ENOENT: no such file or directory, open '/home/gregoriofranco/aa-projects/tech-setup-check/.git/config'
2023-06-27 23:20:40.697 [warning] ENOENT: no such file or directory, open '/home/gregoriofranco/aa-projects/tech-setup-check/.git/HEAD'
2023-06-27 23:20:40.701 [warning] getRemotes() - ENOENT: no such file or directory, open '/home/gregoriofranco/aa-projects/tech-setup-check/.git/config'
2023-06-27 23:20:41.306 [info] > git check-ignore -v -z --stdin [0ms]
2023-06-27 23:21:42.761 [info] > git config --get commit.template [0ms]
2023-06-27 23:21:42.764 [info] No remotes found in the git config file.
2023-06-27 23:21:42.767 [info] > git for-each-ref --format=%(refname)%00%(upstream:short)%00%(objectname)%00%(upstream:track)%00%(upstream:remotename)%00%(upstream:remoteref) refs/heads/main refs/remotes/main [3ms]
2023-06-27 23:21:42.771 [info] > git ls-files --stage -- /home/gregoriofranco/aa-projects/tech-setup-check.js [4ms]
2023-06-27 23:21:42.773 [info] > git status -z -uall [3ms]
2023-06-27 23:21:42.774 [info] > git cat-file -s f4a75a1c6e8374367e0205b2d639147d3ab8c737 [2ms]
2023-06-27 23:21:42.805 [info] > git show --textconv :tech-setup-check.js [1ms]
2023-06-27 23:21:47.952 [info] No remotes found in the git config file.
2023-06-27 23:21:47.952 [info] > git config --get commit.template [3ms]
2023-06-27 23:21:47.953 [info] > git for-each-ref --format=%(refname)%00%(upstream:short)%00%(objectname)%00%(upstream:track)%00%(upstream:remotename)%00%(upstream:remoteref) refs/heads/main refs/remotes/main [1ms]
2023-06-27 23:21:47.957 [info] > git status -z -uall [1ms]
2023-06-27 23:28:58.788 [warning] ENOENT: no such file or directory, open '/home/gregoriofranco/aa-projects/.git/HEAD'
2023-06-27 23:28:58.791 [warning] getRemotes() - ENOENT: no such file or directory, open '/home/gregoriofranco/aa-projects/.git/config'
2023-06-27 23:28:58.796 [info] > git config --get commit.template [1ms]
2023-06-27 23:28:58.796 [info] > git remote --verbose [5ms]
2023-06-27 23:28:58.796 [info] > git symbolic-ref --short HEAD [8ms]
2023-06-27 23:28:58.800 [info] > git for-each-ref --format=%(refname)%00%(upstream:short)%00%(objectname)%00%(upstream:track)%00%(upstream:remotename)%00%(upstream:remoteref) refs/heads/master refs/remotes/master [0ms]
2023-06-27 23:28:58.812 [info] > git status -z -uall [10ms]
2023-06-27 23:28:58.852 [info] > git ls-files --stage -- /home/gregoriofranco/aa-projects/tech-setup-check.js [1ms]
2023-06-27 23:28:58.883 [info] > git show --textconv :tech-setup-check.js [1ms]
2023-06-27 23:28:59.352 [info] > git check-ignore -v -z --stdin [1ms]
