2023-07-15 18:11:03.183 [info] Log level: Info
2023-07-15 18:11:03.183 [info] Validating found git in: "git"
2023-07-15 18:11:03.183 [info] Using git "2.34.1" from "git"
2023-07-15 18:11:03.183 [info] > git rev-parse --show-toplevel [61ms]
2023-07-15 18:11:03.183 [info] > git rev-parse --git-dir --git-common-dir [19ms]
2023-07-15 18:11:03.183 [info] Open repository: /home/gregoriofranco
2023-07-15 18:11:03.183 [info] > git rev-parse --show-toplevel [8ms]
2023-07-15 18:11:03.183 [info] fatal: this operation must be run in a work tree
2023-07-15 18:11:03.185 [info] > git rev-parse --show-toplevel [3ms]
2023-07-15 18:11:03.188 [info] > git config --get commit.template [14ms]
2023-07-15 18:11:03.189 [info] > git rev-parse --show-toplevel [1ms]
2023-07-15 18:11:03.195 [info] No remotes found in the git config file.
2023-07-15 18:11:03.197 [info] > git rev-parse --show-toplevel [5ms]
2023-07-15 18:11:03.203 [info] > git for-each-ref --format=%(refname)%00%(upstream:short)%00%(objectname)%00%(upstream:track)%00%(upstream:remotename)%00%(upstream:remoteref) refs/heads/master refs/remotes/master [8ms]
2023-07-15 18:11:03.213 [info] > git rev-parse --show-toplevel [12ms]
2023-07-15 18:11:03.217 [info] > git rev-parse --git-dir --git-common-dir [1ms]
2023-07-15 18:11:03.219 [info] Open repository: /home/gregoriofranco/.nvm
2023-07-15 18:11:03.228 [info] > git config --get commit.template [1ms]
2023-07-15 18:11:03.228 [info] > git rev-parse --show-toplevel [5ms]
2023-07-15 18:11:03.235 [info] > git rev-parse --show-toplevel [4ms]
2023-07-15 18:11:03.238 [info] > git for-each-ref --format %(refname) %(objectname) %(*objectname) refs/tags [4ms]
2023-07-15 18:11:03.245 [info] > git status -z -uall [3ms]
2023-07-15 18:11:03.253 [info] > git config --get commit.template [1ms]
2023-07-15 18:11:03.257 [info] > git for-each-ref --format %(refname) %(objectname) %(*objectname) refs/tags [1ms]
2023-07-15 18:11:03.262 [info] > git status -z -uall [2ms]
2023-07-15 18:11:03.285 [info] > git status -z -uall [79ms]
2023-07-15 18:11:03.292 [info] > git config --get commit.template [0ms]
2023-07-15 18:11:03.294 [info] No remotes found in the git config file.
2023-07-15 18:11:03.295 [info] > git for-each-ref --format=%(refname)%00%(upstream:short)%00%(objectname)%00%(upstream:track)%00%(upstream:remotename)%00%(upstream:remoteref) refs/heads/master refs/remotes/master [1ms]
2023-07-15 18:11:03.322 [info] > git status -z -uall [25ms]
2023-07-15 18:11:03.665 [info] > git show --textconv :.git/COMMIT_EDITMSG [4ms]
2023-07-15 18:11:03.666 [info] > git ls-files --stage -- /home/gregoriofranco/.git/COMMIT_EDITMSG [2ms]
2023-07-15 18:11:03.745 [info] > git check-ignore -v -z --stdin [0ms]
2023-07-15 18:11:03.746 [info] > git check-ignore -v -z --stdin [5ms]
2023-07-15 18:11:05.265 [info] > git show --textconv :aa-projects/scratch.js [3ms]
2023-07-15 18:11:05.278 [info] > git ls-files --stage -- /home/gregoriofranco/aa-projects/scratch.js [14ms]
2023-07-15 18:11:05.295 [info] > git cat-file -s 3f8fcca7edefc361cde434bc46509cb80a0a5ccd [13ms]
2023-07-15 18:11:05.693 [info] > git check-ignore -v -z --stdin [3ms]
2023-07-15 18:27:10.139 [info] > git config --get commit.template [3ms]
2023-07-15 18:27:10.139 [info] No remotes found in the git config file.
2023-07-15 18:27:10.139 [info] > git for-each-ref --format=%(refname)%00%(upstream:short)%00%(objectname)%00%(upstream:track)%00%(upstream:remotename)%00%(upstream:remoteref) refs/heads/master refs/remotes/master [1ms]
2023-07-15 18:27:10.165 [info] > git status -z -uall [24ms]
