2023-07-05 18:08:41.862 [info] Log level: Info
2023-07-05 18:08:41.862 [info] Validating found git in: "git"
2023-07-05 18:08:41.862 [info] Using git "2.34.1" from "git"
2023-07-05 18:08:41.862 [info] > git rev-parse --show-toplevel [26ms]
2023-07-05 18:08:41.880 [info] > git rev-parse --git-dir --git-common-dir [20ms]
2023-07-05 18:08:41.888 [info] Open repository: /home/gregoriofranco
2023-07-05 18:08:41.901 [info] > git rev-parse --show-toplevel [9ms]
2023-07-05 18:08:41.905 [info] > git config --get commit.template [10ms]
2023-07-05 18:08:41.906 [info] > git rev-parse --show-toplevel [3ms]
2023-07-05 18:08:41.911 [info] No remotes found in the git config file.
2023-07-05 18:08:41.912 [info] > git rev-parse --show-toplevel [3ms]
2023-07-05 18:08:41.927 [info] > git for-each-ref --format=%(refname)%00%(upstream:short)%00%(objectname)%00%(upstream:track)%00%(upstream:remotename)%00%(upstream:remoteref) refs/heads/master refs/remotes/master [17ms]
2023-07-05 18:08:41.934 [info] > git rev-parse --git-dir --git-common-dir [7ms]
2023-07-05 18:08:41.944 [info] Open repository: /home/gregoriofranco/.nvm
2023-07-05 18:08:41.951 [info] > git rev-parse --show-toplevel [4ms]
2023-07-05 18:08:41.960 [info] > git rev-parse --show-toplevel [6ms]
2023-07-05 18:08:41.963 [info] > git config --get commit.template [13ms]
2023-07-05 18:08:41.969 [info] > git for-each-ref --format %(refname) %(objectname) %(*objectname) refs/tags [3ms]
2023-07-05 18:08:41.981 [info] > git status -z -uall [9ms]
2023-07-05 18:08:41.999 [info] > git status -z -uall [67ms]
2023-07-05 18:08:41.999 [info] > git config --get commit.template [5ms]
2023-07-05 18:08:42.047 [info] > git config --get commit.template [10ms]
2023-07-05 18:08:42.048 [info] > git for-each-ref --format %(refname) %(objectname) %(*objectname) refs/tags [2ms]
2023-07-05 18:08:42.057 [info] No remotes found in the git config file.
2023-07-05 18:08:42.063 [info] > git status -z -uall [12ms]
2023-07-05 18:08:42.072 [info] > git for-each-ref --format=%(refname)%00%(upstream:short)%00%(objectname)%00%(upstream:track)%00%(upstream:remotename)%00%(upstream:remoteref) refs/heads/master refs/remotes/master [15ms]
2023-07-05 18:08:42.086 [info] > git status -z -uall [10ms]
2023-07-05 18:08:42.483 [info] > git check-ignore -v -z --stdin [12ms]
2023-07-05 18:08:42.483 [info] > git check-ignore -v -z --stdin [9ms]
2023-07-05 18:08:42.483 [info] > git show --textconv :.bashrc [5ms]
2023-07-05 18:08:42.484 [info] > git ls-files --stage -- /home/gregoriofranco/.bashrc [3ms]
2023-07-05 18:08:43.820 [info] > git check-ignore -v -z --stdin [0ms]
2023-07-05 18:08:45.075 [info] > git check-ignore -v -z --stdin [0ms]
2023-07-05 18:08:46.662 [info] > git config --get commit.template [0ms]
2023-07-05 18:08:46.665 [info] No remotes found in the git config file.
2023-07-05 18:08:46.665 [info] > git for-each-ref --format=%(refname)%00%(upstream:short)%00%(objectname)%00%(upstream:track)%00%(upstream:remotename)%00%(upstream:remoteref) refs/heads/master refs/remotes/master [0ms]
2023-07-05 18:08:46.676 [info] > git status -z -uall [8ms]
2023-07-05 18:08:51.694 [info] > git config --get commit.template [0ms]
2023-07-05 18:08:51.697 [info] No remotes found in the git config file.
2023-07-05 18:08:51.698 [info] > git for-each-ref --format=%(refname)%00%(upstream:short)%00%(objectname)%00%(upstream:track)%00%(upstream:remotename)%00%(upstream:remoteref) refs/heads/master refs/remotes/master [1ms]
2023-07-05 18:08:51.709 [info] > git status -z -uall [9ms]
2023-07-05 18:08:53.155 [info] > git show --textconv :aa-projects/scratch.js [4ms]
2023-07-05 18:08:53.156 [info] > git ls-files --stage -- /home/gregoriofranco/aa-projects/scratch.js [1ms]
2023-07-05 18:08:53.416 [info] > git check-ignore -v -z --stdin [0ms]
2023-07-05 18:08:58.434 [info] > git show --textconv :aa-projects/scratch.py [4ms]
2023-07-05 18:08:58.434 [info] > git ls-files --stage -- /home/gregoriofranco/aa-projects/scratch.py [1ms]
2023-07-05 18:08:58.712 [info] > git check-ignore -v -z --stdin [1ms]
2023-07-05 18:09:02.690 [info] > git show --textconv :aa-projects/scratch.html [4ms]
2023-07-05 18:09:02.691 [info] > git ls-files --stage -- /home/gregoriofranco/aa-projects/scratch.html [1ms]
2023-07-05 18:09:02.957 [info] > git check-ignore -v -z --stdin [1ms]
2023-07-05 18:09:06.661 [info] > git config --get commit.template [1ms]
2023-07-05 18:09:06.664 [info] No remotes found in the git config file.
2023-07-05 18:09:06.664 [info] > git for-each-ref --format=%(refname)%00%(upstream:short)%00%(objectname)%00%(upstream:track)%00%(upstream:remotename)%00%(upstream:remoteref) refs/heads/master refs/remotes/master [0ms]
2023-07-05 18:09:06.676 [info] > git status -z -uall [9ms]
2023-07-05 18:10:40.585 [info] > git config --get commit.template [1ms]
2023-07-05 18:10:40.585 [info] No remotes found in the git config file.
2023-07-05 18:10:40.591 [info] > git for-each-ref --format=%(refname)%00%(upstream:short)%00%(objectname)%00%(upstream:track)%00%(upstream:remotename)%00%(upstream:remoteref) refs/heads/master refs/remotes/master [1ms]
2023-07-05 18:10:40.639 [info] > git status -z -uall [43ms] (cancelled)
