2023-07-21 00:03:07.319 [info] Log level: Info
2023-07-21 00:03:07.319 [info] Validating found git in: "git"
2023-07-21 00:03:07.319 [info] Using git "2.34.1" from "git"
2023-07-21 00:03:07.319 [info] > git rev-parse --show-toplevel [131ms]
2023-07-21 00:03:07.319 [info] > git rev-parse --git-dir --git-common-dir [2ms]
2023-07-21 00:03:07.319 [info] Open repository: /home/gregoriofranco/aa-github-stuff/SWEO-Part-Time-Resources
2023-07-21 00:03:07.319 [info] > git rev-parse --show-toplevel [49ms]
2023-07-21 00:03:07.319 [info] > git rev-parse --show-toplevel [11ms]
2023-07-21 00:03:07.319 [info] > git config --get commit.template [63ms]
2023-07-21 00:03:07.325 [info] > git rev-parse --show-toplevel [8ms]
2023-07-21 00:03:07.352 [info] > git rev-parse --show-toplevel [11ms]
2023-07-21 00:03:07.360 [info] > git rev-parse --show-toplevel [0ms]
2023-07-21 00:03:07.364 [info] > git rev-parse --show-toplevel [1ms]
2023-07-21 00:03:07.369 [info] > git rev-parse --show-toplevel [0ms]
2023-07-21 00:03:07.379 [info] > git rev-parse --show-toplevel [1ms]
2023-07-21 00:03:07.393 [info] > git rev-parse --show-toplevel [3ms]
2023-07-21 00:03:07.426 [info] > git for-each-ref --format=%(refname)%00%(upstream:short)%00%(objectname)%00%(upstream:track)%00%(upstream:remotename)%00%(upstream:remoteref) refs/heads/2023-Jun refs/remotes/2023-Jun [80ms]
2023-07-21 00:03:07.452 [info] > git status -z -uall [22ms]
2023-07-21 00:03:07.474 [info] > git config --get commit.template [1ms]
2023-07-21 00:03:07.478 [info] > git for-each-ref --format=%(refname)%00%(upstream:short)%00%(objectname)%00%(upstream:track)%00%(upstream:remotename)%00%(upstream:remoteref) refs/heads/2023-Jun refs/remotes/2023-Jun [1ms]
2023-07-21 00:03:07.496 [info] > git status -z -uall [4ms]
2023-07-21 00:03:07.812 [info] > git check-ignore -v -z --stdin [1ms]
2023-07-21 00:03:07.829 [info] > git show --textconv :1-Module/3-week/2-day/scratch.js [4ms]
2023-07-21 00:03:07.830 [info] > git ls-files --stage -- /home/gregoriofranco/aa-github-stuff/SWEO-Part-Time-Resources/1-Module/3-week/2-day/scratch.js [1ms]
2023-07-21 00:03:07.833 [info] > git cat-file -s 3ade3d376b3962d1c124377db4f59e4528108f4e [1ms]
2023-07-21 00:03:11.583 [info] > git config --get commit.template [0ms]
2023-07-21 00:03:11.586 [info] > git for-each-ref --format=%(refname)%00%(upstream:short)%00%(objectname)%00%(upstream:track)%00%(upstream:remotename)%00%(upstream:remoteref) refs/heads/2023-Jun refs/remotes/2023-Jun [1ms]
2023-07-21 00:03:11.591 [info] > git status -z -uall [3ms]
