2023-06-27 23:29:22.486 [info] Log level: Info
2023-06-27 23:29:22.486 [info] Validating found git in: "git"
2023-06-27 23:29:22.486 [info] Using git "2.34.1" from "git"
2023-06-27 23:29:22.486 [info] > git rev-parse --show-toplevel [19ms]
2023-06-27 23:29:22.486 [info] > git rev-parse --git-dir --git-common-dir [1ms]
2023-06-27 23:29:22.486 [info] Open repository: /home/gregoriofranco/aa-projects/tech-setup-check
2023-06-27 23:29:22.486 [info] > git config --get commit.template [3ms]
2023-06-27 23:29:22.486 [info] > git for-each-ref --format=%(refname)%00%(upstream:short)%00%(objectname)%00%(upstream:track)%00%(upstream:remotename)%00%(upstream:remoteref) refs/heads/main refs/remotes/main [2ms]
2023-06-27 23:29:22.486 [info] > git status -z -uall [0ms]
2023-06-27 23:29:22.486 [info] > git for-each-ref --format=%(refname)%00%(upstream:short)%00%(objectname)%00%(upstream:track)%00%(upstream:remotename)%00%(upstream:remoteref) refs/heads/main refs/remotes/main [1ms]
2023-06-27 23:29:22.486 [info] > git config --get commit.template [4ms]
2023-06-27 23:29:22.486 [info] > git status -z -uall [0ms]
2023-06-27 23:29:22.898 [info] > git check-ignore -v -z --stdin [1ms]
2023-06-27 23:31:06.741 [info] > git rev-parse --show-toplevel [53ms]
2023-06-27 23:32:09.353 [info] > git config --get commit.template [1ms]
2023-06-27 23:32:09.356 [info] > git for-each-ref --format=%(refname)%00%(upstream:short)%00%(objectname)%00%(upstream:track)%00%(upstream:remotename)%00%(upstream:remoteref) refs/heads/main refs/remotes/main [0ms]
2023-06-27 23:32:09.359 [info] > git status -z -uall [0ms]
2023-06-27 23:32:18.792 [info] > git show --textconv :tech-setup-check.js [4ms]
2023-06-27 23:32:18.793 [info] > git ls-files --stage -- /home/gregoriofranco/aa-projects/tech-setup-check/tech-setup-check.js [1ms]
2023-06-27 23:32:22.982 [info] > git config --get commit.template [1ms]
2023-06-27 23:32:22.985 [info] > git for-each-ref --format=%(refname)%00%(upstream:short)%00%(objectname)%00%(upstream:track)%00%(upstream:remotename)%00%(upstream:remoteref) refs/heads/main refs/remotes/main [1ms]
2023-06-27 23:32:22.988 [info] > git status -z -uall [0ms]
2023-06-27 23:33:58.915 [info] > git show --textconv :tech-setup-check.js [2ms]
2023-06-27 23:33:58.916 [info] > git ls-files --stage -- /home/gregoriofranco/aa-projects/tech-setup-check/tech-setup-check.js [0ms]
2023-06-27 23:56:22.389 [info] > git config --get commit.template [1ms]
2023-06-27 23:56:22.393 [info] > git for-each-ref --format=%(refname)%00%(upstream:short)%00%(objectname)%00%(upstream:track)%00%(upstream:remotename)%00%(upstream:remoteref) refs/heads/main refs/remotes/main [1ms]
2023-06-27 23:56:22.396 [info] > git status -z -uall [1ms]
2023-06-27 23:56:22.411 [info] > git ls-files --stage -- /home/gregoriofranco/aa-projects/tech-setup-check/tech-setup-check.js [0ms]
2023-06-27 23:56:22.414 [info] > git cat-file -s f4a75a1c6e8374367e0205b2d639147d3ab8c737 [1ms]
2023-06-27 23:56:22.473 [info] > git show --textconv :tech-setup-check.js [1ms]
