2023-06-28 00:32:28.377 [info] Log level: Info
2023-06-28 00:32:28.377 [info] Validating found git in: "git"
2023-06-28 00:32:28.377 [info] Using git "2.34.1" from "git"
2023-06-28 00:32:28.377 [info] > git rev-parse --show-toplevel [29ms]
2023-06-28 00:32:28.377 [info] > git rev-parse --git-dir --git-common-dir [1ms]
2023-06-28 00:32:28.377 [info] Open repository: /home/gregoriofranco
2023-06-28 00:32:28.377 [info] > git rev-parse --show-toplevel [4ms]
2023-06-28 00:32:28.377 [info] > git rev-parse --show-toplevel [2ms]
2023-06-28 00:32:28.377 [info] > git config --get commit.template [8ms]
2023-06-28 00:32:28.377 [info] > git rev-parse --show-toplevel [2ms]
2023-06-28 00:32:28.377 [info] No remotes found in the git config file.
2023-06-28 00:32:28.377 [info] > git rev-parse --git-dir --git-common-dir [4ms]
2023-06-28 00:32:28.377 [info] Open repository: /home/gregoriofranco/.nvm
2023-06-28 00:32:28.377 [info] > git rev-parse --show-toplevel [2ms]
2023-06-28 00:32:28.378 [info] > git for-each-ref --format=%(refname)%00%(upstream:short)%00%(objectname)%00%(upstream:track)%00%(upstream:remotename)%00%(upstream:remoteref) refs/heads/master refs/remotes/master [12ms]
2023-06-28 00:32:28.378 [info] > git rev-parse --show-toplevel [4ms]
2023-06-28 00:32:28.378 [info] > git config --get commit.template [9ms]
2023-06-28 00:32:28.378 [info] > git for-each-ref --format %(refname) %(objectname) %(*objectname) refs/tags [1ms]
2023-06-28 00:32:28.378 [info] > git status -z -uall [12ms]
2023-06-28 00:32:28.378 [info] > git status -z -uall [37ms]
2023-06-28 00:32:28.378 [info] > git config --get commit.template [6ms]
2023-06-28 00:32:28.378 [info] > git config --get commit.template [1ms]
2023-06-28 00:32:28.378 [info] No remotes found in the git config file.
2023-06-28 00:32:28.378 [info] > git for-each-ref --format=%(refname)%00%(upstream:short)%00%(objectname)%00%(upstream:track)%00%(upstream:remotename)%00%(upstream:remoteref) refs/heads/master refs/remotes/master [223ms]
2023-06-28 00:32:28.378 [info] > git for-each-ref --format %(refname) %(objectname) %(*objectname) refs/tags [47ms]
2023-06-28 00:32:28.379 [info] > git status -z -uall [18ms]
2023-06-28 00:32:28.400 [info] > git status -z -uall [23ms]
2023-06-28 00:32:28.840 [info] > git check-ignore -v -z --stdin [4ms]
2023-06-28 00:32:28.840 [info] > git check-ignore -v -z --stdin [1ms]
2023-06-28 00:32:29.164 [info] > git show --textconv :.bashrc [4ms]
2023-06-28 00:32:29.164 [info] > git ls-files --stage -- /home/gregoriofranco/.bashrc [1ms]
2023-06-28 00:32:36.926 [info] > git config --get commit.template [0ms]
2023-06-28 00:32:36.929 [info] No remotes found in the git config file.
2023-06-28 00:32:36.929 [info] > git for-each-ref --format=%(refname)%00%(upstream:short)%00%(objectname)%00%(upstream:track)%00%(upstream:remotename)%00%(upstream:remoteref) refs/heads/master refs/remotes/master [0ms]
2023-06-28 00:32:36.940 [info] > git status -z -uall [8ms]
2023-06-28 00:32:42.840 [info] No remotes found in the git config file.
2023-06-28 00:32:42.842 [info] > git config --get commit.template [4ms]
2023-06-28 00:32:42.842 [info] > git for-each-ref --format=%(refname)%00%(upstream:short)%00%(objectname)%00%(upstream:track)%00%(upstream:remotename)%00%(upstream:remoteref) refs/heads/master refs/remotes/master [2ms]
2023-06-28 00:32:42.854 [info] > git status -z -uall [9ms]
2023-06-28 00:32:49.379 [info] > git config --get commit.template [3ms]
2023-06-28 00:32:49.382 [info] No remotes found in the git config file.
2023-06-28 00:32:49.382 [info] > git for-each-ref --format=%(refname)%00%(upstream:short)%00%(objectname)%00%(upstream:track)%00%(upstream:remotename)%00%(upstream:remoteref) refs/heads/master refs/remotes/master [0ms]
2023-06-28 00:32:49.394 [info] > git status -z -uall [9ms]
