[Running] node "/home/gregoriofranco/aa-projects/scratch.js"
true

[Done] exited with code=0 in 0.033 seconds

[Running] node "/home/gregoriofranco/aa-projects/scratch.js"

[Done] exited with code=0 in 0.029 seconds

[Running] node "/home/gregoriofranco/aa-projects/scratch.js"
true

[Done] exited with code=0 in 0.03 seconds

[Running] node "/home/gregoriofranco/aa-projects/scratch.js"
false

[Done] exited with code=0 in 0.03 seconds

[Running] node "/home/gregoriofranco/aa-projects/scratch.js"
2

[Done] exited with code=0 in 0.033 seconds

[Running] node "/home/gregoriofranco/aa-projects/scratch.js"
7

[Done] exited with code=0 in 0.031 seconds

[Running] node "/home/gregoriofranco/aa-projects/scratch.js"
0

[Done] exited with code=0 in 0.032 seconds

[Running] node "/home/gregoriofranco/aa-projects/scratch.js"
true

[Done] exited with code=0 in 0.031 seconds

