2023-07-19 13:25:43.007 [info] Log level: Info
2023-07-19 13:25:43.007 [info] Validating found git in: "git"
2023-07-19 13:25:43.007 [info] Using git "2.34.1" from "git"
2023-07-19 13:25:43.007 [info] > git rev-parse --show-toplevel [90ms]
2023-07-19 13:25:43.007 [info] > git rev-parse --git-dir --git-common-dir [7ms]
2023-07-19 13:25:43.007 [info] Open repository: /home/gregoriofranco/aa-github-stuff/SWEO-Part-Time-Resources
2023-07-19 13:25:43.007 [info] > git config --get commit.template [38ms]
2023-07-19 13:25:43.007 [info] > git rev-parse --show-toplevel [51ms]
2023-07-19 13:25:43.051 [info] > git for-each-ref --format=%(refname)%00%(upstream:short)%00%(objectname)%00%(upstream:track)%00%(upstream:remotename)%00%(upstream:remoteref) refs/heads/2023-Jun refs/remotes/2023-Jun [27ms]
2023-07-19 13:25:43.063 [info] > git rev-parse --show-toplevel [58ms]
2023-07-19 13:25:43.072 [info] > git rev-parse --show-toplevel [1ms]
2023-07-19 13:25:43.075 [info] > git rev-parse --show-toplevel [1ms]
2023-07-19 13:25:43.080 [info] > git rev-parse --show-toplevel [1ms]
2023-07-19 13:25:43.086 [info] > git rev-parse --show-toplevel [1ms]
2023-07-19 13:25:43.095 [info] > git rev-parse --show-toplevel [2ms]
2023-07-19 13:25:43.103 [info] > git rev-parse --show-toplevel [1ms]
2023-07-19 13:25:43.107 [info] > git rev-parse --show-toplevel [1ms]
2023-07-19 13:25:43.323 [info] > git status -z -uall [265ms]
2023-07-19 13:25:43.352 [info] > git for-each-ref --format=%(refname)%00%(upstream:short)%00%(objectname)%00%(upstream:track)%00%(upstream:remotename)%00%(upstream:remoteref) refs/heads/2023-Jun refs/remotes/2023-Jun [0ms]
2023-07-19 13:25:43.364 [info] > git config --get commit.template [15ms]
2023-07-19 13:25:43.420 [info] > git show --textconv :1-Module/3-week/2-day/scratch.js [25ms]
2023-07-19 13:25:43.420 [info] > git ls-files --stage -- /home/gregoriofranco/aa-github-stuff/SWEO-Part-Time-Resources/1-Module/3-week/2-day/scratch.js [2ms]
2023-07-19 13:25:43.438 [info] > git status -z -uall [72ms]
2023-07-19 13:25:43.438 [info] > git cat-file -s 8d63ee7396f8379c8695862cec94eb5abbf98fab [3ms]
2023-07-19 13:25:43.470 [info] > git check-ignore -v -z --stdin [1ms]
2023-07-19 13:26:16.108 [info] > git check-ignore -v -z --stdin [0ms]
2023-07-19 13:26:20.265 [info] > git config --get commit.template [0ms]
2023-07-19 13:26:20.268 [info] > git for-each-ref --format=%(refname)%00%(upstream:short)%00%(objectname)%00%(upstream:track)%00%(upstream:remotename)%00%(upstream:remoteref) refs/heads/2023-Jun refs/remotes/2023-Jun [0ms]
2023-07-19 13:26:20.286 [info] > git status -z -uall [16ms]
2023-07-19 13:26:20.368 [info] > git ls-files --stage -- /home/gregoriofranco/aa-github-stuff/SWEO-Part-Time-Resources/1-Module/3-week/2-day/scratch.js [1ms]
2023-07-19 13:26:20.370 [info] > git cat-file -s 8d63ee7396f8379c8695862cec94eb5abbf98fab [0ms]
2023-07-19 13:26:20.377 [info] > git show --textconv :1-Module/3-week/2-day/scratch.js [1ms]
