[Running] node "/home/gregoriofranco/aa-github-stuff/SWEO-Part-Time-Resources/1-Module/3-week/2-day/scratch.js"
[ 'name', 'skills', 'isProgrammer' ]

[Done] exited with code=0 in 0.03 seconds

[Running] node "/home/gregoriofranco/aa-github-stuff/SWEO-Part-Time-Resources/1-Module/3-week/2-day/scratch.js"
[ 'name', 'skills', 'isProgrammer' ]

[Done] exited with code=0 in 0.031 seconds

[Running] node "/home/gregoriofranco/aa-github-stuff/SWEO-Part-Time-Resources/1-Module/3-week/2-day/scratch.js"
[ 'name', 'skills', 'isProgrammer' ]

[Done] exited with code=0 in 0.031 seconds

[Running] node "/home/gregoriofranco/aa-github-stuff/SWEO-Part-Time-Resources/1-Module/3-week/2-day/scratch.js"
[ 'name', 'skills', 'isProgrammer' ]

[Done] exited with code=0 in 0.03 seconds

[Running] node "/home/gregoriofranco/aa-github-stuff/SWEO-Part-Time-Resources/1-Module/3-week/2-day/scratch.js"
[ 'name', 'skills', 'isProgrammer' ]

[Done] exited with code=0 in 0.041 seconds

[Running] node "/home/gregoriofranco/aa-github-stuff/SWEO-Part-Time-Resources/1-Module/3-week/2-day/scratch.js"
{
  name: 'Ryan',
  skills: [ 'Video Games', 'Cooking' ],
  isProgrammer: true
}
[ 'name', 'skills', 'isProgrammer' ]

[Done] exited with code=0 in 0.031 seconds

[Running] node "/home/gregoriofranco/aa-github-stuff/SWEO-Part-Time-Resources/1-Module/3-week/2-day/scratch.js"
{
  name: 'Ryan',
  skills: [ 'Video Games', 'Cooking' ],
  isProgrammer: true
}
[ 'name', 'skills', 'isProgrammer' ]

[Done] exited with code=0 in 0.03 seconds

[Running] node "/home/gregoriofranco/aa-github-stuff/SWEO-Part-Time-Resources/1-Module/3-week/2-day/scratch.js"
{
  name: 'Ryan',
  skills: [ 'Video Games', 'Cooking' ],
  isProgrammer: true
}
name skills isProgrammer

[Done] exited with code=0 in 0.031 seconds

[Running] node "/home/gregoriofranco/aa-github-stuff/SWEO-Part-Time-Resources/1-Module/3-week/2-day/scratch.js"
{
  name: 'Ryan',
  skills: [ 'Video Games', 'Cooking' ],
  isProgrammer: true
}
name skills isProgrammer

[Done] exited with code=0 in 0.031 seconds

[Running] node "/home/gregoriofranco/aa-github-stuff/SWEO-Part-Time-Resources/1-Module/3-week/2-day/scratch.js"
{
  name: 'Ryan',
  skills: [ 'Video Games', 'Cooking' ],
  isProgrammer: true
}
name skills isProgrammer
[ 'name', 'skills', 'isProgrammer' ]

[Done] exited with code=0 in 0.03 seconds

