2023-07-15 12:17:37.408 [info] Extension host with pid 323 started
2023-07-15 12:17:37.454 [info] ExtensionService#_doActivateExtension vscode.emmet, startup: false, activationEvent: 'onLanguage'
2023-07-15 12:17:37.455 [info] ExtensionService#_doActivateExtension vscode.typescript-language-features, startup: false, activationEvent: 'onLanguage:javascript'
2023-07-15 12:17:37.516 [info] Lock '/home/gregoriofranco/.vscode-server/data/User/workspaceStorage/9168050f847a97671c9666729c1de181/vscode.lock': Lock acquired.
2023-07-15 12:17:37.652 [info] ExtensionService#_doActivateExtension vscode.git-base, startup: true, activationEvent: '*', root cause: vscode.git
2023-07-15 12:17:37.669 [info] ExtensionService#_doActivateExtension vscode.git, startup: true, activationEvent: '*'
2023-07-15 12:17:37.670 [info] ExtensionService#_doActivateExtension vscode.github, startup: true, activationEvent: '*'
2023-07-15 12:17:37.814 [info] Eager extensions activated
2023-07-15 12:17:37.815 [info] ExtensionService#_doActivateExtension vscode.debug-auto-launch, startup: false, activationEvent: 'onStartupFinished'
2023-07-15 12:17:37.815 [info] ExtensionService#_doActivateExtension vscode.merge-conflict, startup: false, activationEvent: 'onStartupFinished'
2023-07-15 12:17:37.816 [info] ExtensionService#_doActivateExtension formulahendry.code-runner, startup: false, activationEvent: 'onStartupFinished'
2023-07-15 12:17:56.981 [warning] [Decorations] CAPPING events from decorations provider vscode.git 10000
2023-07-15 12:17:57.091 [warning] [Decorations] CAPPING events from decorations provider vscode.git 10003
2023-07-15 14:33:55.801 [info] ExtensionService#_doActivateExtension vscode.npm, startup: false, activationEvent: 'onTerminalQuickFixRequest:ms-vscode.npm-command'
2023-07-15 15:13:27.742 [info] Extension host terminating: received terminate message from renderer
2023-07-15 15:13:27.742 [info] Lock '/home/gregoriofranco/.vscode-server/data/User/workspaceStorage/9168050f847a97671c9666729c1de181/vscode.lock': Marking the lockfile as scheduled to be released in 6000 ms.
2023-07-15 15:13:27.758 [error] Canceled: Canceled
	at new h (/home/gregoriofranco/.vscode-server/bin/74f6148eb9ea00507ec113ec51c489d6ffb4b771/out/vs/workbench/api/node/extensionHostProcess.js:100:42413)
	at t.O (/home/gregoriofranco/.vscode-server/bin/74f6148eb9ea00507ec113ec51c489d6ffb4b771/out/vs/workbench/api/node/extensionHostProcess.js:112:11236)
	at Proxy.U.<computed>.q.charCodeAt.U.<computed> (/home/gregoriofranco/.vscode-server/bin/74f6148eb9ea00507ec113ec51c489d6ffb4b771/out/vs/workbench/api/node/extensionHostProcess.js:112:8675)
	at e.$vL.g (/home/gregoriofranco/.vscode-server/bin/74f6148eb9ea00507ec113ec51c489d6ffb4b771/out/vs/workbench/api/node/extensionHostProcess.js:100:63549)
	at e.$vL.executeCommand (/home/gregoriofranco/.vscode-server/bin/74f6148eb9ea00507ec113ec51c489d6ffb4b771/out/vs/workbench/api/node/extensionHostProcess.js:100:62973)
	at P.registerCommand.description (/home/gregoriofranco/.vscode-server/bin/74f6148eb9ea00507ec113ec51c489d6ffb4b771/out/vs/workbench/api/node/extensionHostProcess.js:100:62280)
	at e.$vL.h (/home/gregoriofranco/.vscode-server/bin/74f6148eb9ea00507ec113ec51c489d6ffb4b771/out/vs/workbench/api/node/extensionHostProcess.js:100:64085)
	at e.$vL.g (/home/gregoriofranco/.vscode-server/bin/74f6148eb9ea00507ec113ec51c489d6ffb4b771/out/vs/workbench/api/node/extensionHostProcess.js:100:63073)
	at e.$vL.executeCommand (/home/gregoriofranco/.vscode-server/bin/74f6148eb9ea00507ec113ec51c489d6ffb4b771/out/vs/workbench/api/node/extensionHostProcess.js:100:62973)
	at Object.executeCommand (/home/gregoriofranco/.vscode-server/bin/74f6148eb9ea00507ec113ec51c489d6ffb4b771/out/vs/workbench/api/node/extensionHostProcess.js:118:20971)
	at i.D [as value] (/home/gregoriofranco/.vscode-server/bin/74f6148eb9ea00507ec113ec51c489d6ffb4b771/extensions/git/dist/main.js:2:1260424)
	at p.w (/home/gregoriofranco/.vscode-server/bin/74f6148eb9ea00507ec113ec51c489d6ffb4b771/out/vs/workbench/api/node/extensionHostProcess.js:60:1902)
	at p.x (/home/gregoriofranco/.vscode-server/bin/74f6148eb9ea00507ec113ec51c489d6ffb4b771/out/vs/workbench/api/node/extensionHostProcess.js:60:1972)
	at p.fire (/home/gregoriofranco/.vscode-server/bin/74f6148eb9ea00507ec113ec51c489d6ffb4b771/out/vs/workbench/api/node/extensionHostProcess.js:60:2188)
	at Object.m [as dispose] (/home/gregoriofranco/.vscode-server/bin/74f6148eb9ea00507ec113ec51c489d6ffb4b771/extensions/git/dist/main.js:2:1275972)
	at /home/gregoriofranco/.vscode-server/bin/74f6148eb9ea00507ec113ec51c489d6ffb4b771/extensions/git/dist/main.js:2:1280539
	at Array.forEach (<anonymous>)
	at g.dispose (/home/gregoriofranco/.vscode-server/bin/74f6148eb9ea00507ec113ec51c489d6ffb4b771/extensions/git/dist/main.js:2:1280525)
	at o.<anonymous> (/home/gregoriofranco/.vscode-server/bin/74f6148eb9ea00507ec113ec51c489d6ffb4b771/out/vs/workbench/api/node/extensionHostProcess.js:96:4162)
	at o.dispose (/home/gregoriofranco/.vscode-server/bin/74f6148eb9ea00507ec113ec51c489d6ffb4b771/out/vs/workbench/api/node/extensionHostProcess.js:96:4297)
	at o.<anonymous> (/home/gregoriofranco/.vscode-server/bin/74f6148eb9ea00507ec113ec51c489d6ffb4b771/extensions/git/dist/main.js:2:1262437)
	at o.dispose (/home/gregoriofranco/.vscode-server/bin/74f6148eb9ea00507ec113ec51c489d6ffb4b771/out/vs/workbench/api/node/extensionHostProcess.js:96:4297)
	at D (/home/gregoriofranco/.vscode-server/bin/74f6148eb9ea00507ec113ec51c489d6ffb4b771/out/vs/workbench/api/node/extensionHostProcess.js:10:11731)
	at i.Z (/home/gregoriofranco/.vscode-server/bin/74f6148eb9ea00507ec113ec51c489d6ffb4b771/out/vs/workbench/api/node/extensionHostProcess.js:114:10370)
	at /home/gregoriofranco/.vscode-server/bin/74f6148eb9ea00507ec113ec51c489d6ffb4b771/out/vs/workbench/api/node/extensionHostProcess.js:114:8332
	at Array.map (<anonymous>)
	at i.S (/home/gregoriofranco/.vscode-server/bin/74f6148eb9ea00507ec113ec51c489d6ffb4b771/out/vs/workbench/api/node/extensionHostProcess.js:114:8319)
	at i.terminate (/home/gregoriofranco/.vscode-server/bin/74f6148eb9ea00507ec113ec51c489d6ffb4b771/out/vs/workbench/api/node/extensionHostProcess.js:114:8591)
	at l.terminate (/home/gregoriofranco/.vscode-server/bin/74f6148eb9ea00507ec113ec51c489d6ffb4b771/out/vs/workbench/api/node/extensionHostProcess.js:118:1532)
	at E (/home/gregoriofranco/.vscode-server/bin/74f6148eb9ea00507ec113ec51c489d6ffb4b771/out/vs/workbench/api/node/extensionHostProcess.js:128:32236)
	at i.value (/home/gregoriofranco/.vscode-server/bin/74f6148eb9ea00507ec113ec51c489d6ffb4b771/out/vs/workbench/api/node/extensionHostProcess.js:128:30287)
	at p.w (/home/gregoriofranco/.vscode-server/bin/74f6148eb9ea00507ec113ec51c489d6ffb4b771/out/vs/workbench/api/node/extensionHostProcess.js:60:1902)
	at p.fire (/home/gregoriofranco/.vscode-server/bin/74f6148eb9ea00507ec113ec51c489d6ffb4b771/out/vs/workbench/api/node/extensionHostProcess.js:60:2119)
	at fire (/home/gregoriofranco/.vscode-server/bin/74f6148eb9ea00507ec113ec51c489d6ffb4b771/out/vs/workbench/api/node/extensionHostProcess.js:76:13931)
	at s.z (/home/gregoriofranco/.vscode-server/bin/74f6148eb9ea00507ec113ec51c489d6ffb4b771/out/vs/workbench/api/node/extensionHostProcess.js:76:16976)
	at i.value (/home/gregoriofranco/.vscode-server/bin/74f6148eb9ea00507ec113ec51c489d6ffb4b771/out/vs/workbench/api/node/extensionHostProcess.js:76:15428)
	at p.w (/home/gregoriofranco/.vscode-server/bin/74f6148eb9ea00507ec113ec51c489d6ffb4b771/out/vs/workbench/api/node/extensionHostProcess.js:60:1902)
	at p.fire (/home/gregoriofranco/.vscode-server/bin/74f6148eb9ea00507ec113ec51c489d6ffb4b771/out/vs/workbench/api/node/extensionHostProcess.js:60:2119)
	at i.acceptChunk (/home/gregoriofranco/.vscode-server/bin/74f6148eb9ea00507ec113ec51c489d6ffb4b771/out/vs/workbench/api/node/extensionHostProcess.js:76:11705)
	at i.value (/home/gregoriofranco/.vscode-server/bin/74f6148eb9ea00507ec113ec51c489d6ffb4b771/out/vs/workbench/api/node/extensionHostProcess.js:76:10992)
	at p.w (/home/gregoriofranco/.vscode-server/bin/74f6148eb9ea00507ec113ec51c489d6ffb4b771/out/vs/workbench/api/node/extensionHostProcess.js:60:1902)
	at p.fire (/home/gregoriofranco/.vscode-server/bin/74f6148eb9ea00507ec113ec51c489d6ffb4b771/out/vs/workbench/api/node/extensionHostProcess.js:60:2119)
	at p.u (/home/gregoriofranco/.vscode-server/bin/74f6148eb9ea00507ec113ec51c489d6ffb4b771/out/vs/workbench/api/node/extensionHostProcess.js:128:19085)
	at p.acceptFrame (/home/gregoriofranco/.vscode-server/bin/74f6148eb9ea00507ec113ec51c489d6ffb4b771/out/vs/workbench/api/node/extensionHostProcess.js:128:18891)
	at a.l (/home/gregoriofranco/.vscode-server/bin/74f6148eb9ea00507ec113ec51c489d6ffb4b771/out/vs/workbench/api/node/extensionHostProcess.js:128:17524)
	at /home/gregoriofranco/.vscode-server/bin/74f6148eb9ea00507ec113ec51c489d6ffb4b771/out/vs/workbench/api/node/extensionHostProcess.js:128:14871
	at Socket.r (/home/gregoriofranco/.vscode-server/bin/74f6148eb9ea00507ec113ec51c489d6ffb4b771/out/vs/workbench/api/node/extensionHostProcess.js:128:12785)
	at Socket.emit (node:events:513:28)
	at addChunk (node:internal/streams/readable:315:12)
	at readableAddChunk (node:internal/streams/readable:289:9)
	at Socket.Readable.push (node:internal/streams/readable:228:10)
	at TCP.onStreamRead (node:internal/stream_base_commons:190:23) setContext undefined
2023-07-15 15:13:27.760 [error] Canceled: Canceled
	at new h (/home/gregoriofranco/.vscode-server/bin/74f6148eb9ea00507ec113ec51c489d6ffb4b771/out/vs/workbench/api/node/extensionHostProcess.js:100:42413)
	at t.O (/home/gregoriofranco/.vscode-server/bin/74f6148eb9ea00507ec113ec51c489d6ffb4b771/out/vs/workbench/api/node/extensionHostProcess.js:112:11236)
	at Proxy.U.<computed>.q.charCodeAt.U.<computed> (/home/gregoriofranco/.vscode-server/bin/74f6148eb9ea00507ec113ec51c489d6ffb4b771/out/vs/workbench/api/node/extensionHostProcess.js:112:8675)
	at e.$vL.g (/home/gregoriofranco/.vscode-server/bin/74f6148eb9ea00507ec113ec51c489d6ffb4b771/out/vs/workbench/api/node/extensionHostProcess.js:100:63549)
	at e.$vL.executeCommand (/home/gregoriofranco/.vscode-server/bin/74f6148eb9ea00507ec113ec51c489d6ffb4b771/out/vs/workbench/api/node/extensionHostProcess.js:100:62973)
	at P.registerCommand.description (/home/gregoriofranco/.vscode-server/bin/74f6148eb9ea00507ec113ec51c489d6ffb4b771/out/vs/workbench/api/node/extensionHostProcess.js:100:62280)
	at e.$vL.h (/home/gregoriofranco/.vscode-server/bin/74f6148eb9ea00507ec113ec51c489d6ffb4b771/out/vs/workbench/api/node/extensionHostProcess.js:100:64085)
	at e.$vL.g (/home/gregoriofranco/.vscode-server/bin/74f6148eb9ea00507ec113ec51c489d6ffb4b771/out/vs/workbench/api/node/extensionHostProcess.js:100:63073)
	at e.$vL.executeCommand (/home/gregoriofranco/.vscode-server/bin/74f6148eb9ea00507ec113ec51c489d6ffb4b771/out/vs/workbench/api/node/extensionHostProcess.js:100:62973)
	at Object.executeCommand (/home/gregoriofranco/.vscode-server/bin/74f6148eb9ea00507ec113ec51c489d6ffb4b771/out/vs/workbench/api/node/extensionHostProcess.js:118:20971)
	at t.$Fe.set b [as b] (/home/gregoriofranco/.vscode-server/bin/74f6148eb9ea00507ec113ec51c489d6ffb4b771/extensions/github/dist/extension.js:2:675669)
	at /home/gregoriofranco/.vscode-server/bin/74f6148eb9ea00507ec113ec51c489d6ffb4b771/extensions/github/dist/extension.js:2:676313
	at i.value (/home/gregoriofranco/.vscode-server/bin/74f6148eb9ea00507ec113ec51c489d6ffb4b771/extensions/git/dist/main.js:2:1347255)
	at p.w (/home/gregoriofranco/.vscode-server/bin/74f6148eb9ea00507ec113ec51c489d6ffb4b771/out/vs/workbench/api/node/extensionHostProcess.js:60:1902)
	at p.x (/home/gregoriofranco/.vscode-server/bin/74f6148eb9ea00507ec113ec51c489d6ffb4b771/out/vs/workbench/api/node/extensionHostProcess.js:60:1972)
	at p.fire (/home/gregoriofranco/.vscode-server/bin/74f6148eb9ea00507ec113ec51c489d6ffb4b771/out/vs/workbench/api/node/extensionHostProcess.js:60:2188)
	at Object.m [as dispose] (/home/gregoriofranco/.vscode-server/bin/74f6148eb9ea00507ec113ec51c489d6ffb4b771/extensions/git/dist/main.js:2:1275972)
	at /home/gregoriofranco/.vscode-server/bin/74f6148eb9ea00507ec113ec51c489d6ffb4b771/extensions/git/dist/main.js:2:1280539
	at Array.forEach (<anonymous>)
	at g.dispose (/home/gregoriofranco/.vscode-server/bin/74f6148eb9ea00507ec113ec51c489d6ffb4b771/extensions/git/dist/main.js:2:1280525)
	at o.<anonymous> (/home/gregoriofranco/.vscode-server/bin/74f6148eb9ea00507ec113ec51c489d6ffb4b771/out/vs/workbench/api/node/extensionHostProcess.js:96:4162)
	at o.dispose (/home/gregoriofranco/.vscode-server/bin/74f6148eb9ea00507ec113ec51c489d6ffb4b771/out/vs/workbench/api/node/extensionHostProcess.js:96:4297)
	at o.<anonymous> (/home/gregoriofranco/.vscode-server/bin/74f6148eb9ea00507ec113ec51c489d6ffb4b771/extensions/git/dist/main.js:2:1262437)
	at o.dispose (/home/gregoriofranco/.vscode-server/bin/74f6148eb9ea00507ec113ec51c489d6ffb4b771/out/vs/workbench/api/node/extensionHostProcess.js:96:4297)
	at D (/home/gregoriofranco/.vscode-server/bin/74f6148eb9ea00507ec113ec51c489d6ffb4b771/out/vs/workbench/api/node/extensionHostProcess.js:10:11731)
	at i.Z (/home/gregoriofranco/.vscode-server/bin/74f6148eb9ea00507ec113ec51c489d6ffb4b771/out/vs/workbench/api/node/extensionHostProcess.js:114:10370)
	at /home/gregoriofranco/.vscode-server/bin/74f6148eb9ea00507ec113ec51c489d6ffb4b771/out/vs/workbench/api/node/extensionHostProcess.js:114:8332
	at Array.map (<anonymous>)
	at i.S (/home/gregoriofranco/.vscode-server/bin/74f6148eb9ea00507ec113ec51c489d6ffb4b771/out/vs/workbench/api/node/extensionHostProcess.js:114:8319)
	at i.terminate (/home/gregoriofranco/.vscode-server/bin/74f6148eb9ea00507ec113ec51c489d6ffb4b771/out/vs/workbench/api/node/extensionHostProcess.js:114:8591)
	at l.terminate (/home/gregoriofranco/.vscode-server/bin/74f6148eb9ea00507ec113ec51c489d6ffb4b771/out/vs/workbench/api/node/extensionHostProcess.js:118:1532)
	at E (/home/gregoriofranco/.vscode-server/bin/74f6148eb9ea00507ec113ec51c489d6ffb4b771/out/vs/workbench/api/node/extensionHostProcess.js:128:32236)
	at i.value (/home/gregoriofranco/.vscode-server/bin/74f6148eb9ea00507ec113ec51c489d6ffb4b771/out/vs/workbench/api/node/extensionHostProcess.js:128:30287)
	at p.w (/home/gregoriofranco/.vscode-server/bin/74f6148eb9ea00507ec113ec51c489d6ffb4b771/out/vs/workbench/api/node/extensionHostProcess.js:60:1902)
	at p.fire (/home/gregoriofranco/.vscode-server/bin/74f6148eb9ea00507ec113ec51c489d6ffb4b771/out/vs/workbench/api/node/extensionHostProcess.js:60:2119)
	at fire (/home/gregoriofranco/.vscode-server/bin/74f6148eb9ea00507ec113ec51c489d6ffb4b771/out/vs/workbench/api/node/extensionHostProcess.js:76:13931)
	at s.z (/home/gregoriofranco/.vscode-server/bin/74f6148eb9ea00507ec113ec51c489d6ffb4b771/out/vs/workbench/api/node/extensionHostProcess.js:76:16976)
	at i.value (/home/gregoriofranco/.vscode-server/bin/74f6148eb9ea00507ec113ec51c489d6ffb4b771/out/vs/workbench/api/node/extensionHostProcess.js:76:15428)
	at p.w (/home/gregoriofranco/.vscode-server/bin/74f6148eb9ea00507ec113ec51c489d6ffb4b771/out/vs/workbench/api/node/extensionHostProcess.js:60:1902)
	at p.fire (/home/gregoriofranco/.vscode-server/bin/74f6148eb9ea00507ec113ec51c489d6ffb4b771/out/vs/workbench/api/node/extensionHostProcess.js:60:2119)
	at i.acceptChunk (/home/gregoriofranco/.vscode-server/bin/74f6148eb9ea00507ec113ec51c489d6ffb4b771/out/vs/workbench/api/node/extensionHostProcess.js:76:11705)
	at i.value (/home/gregoriofranco/.vscode-server/bin/74f6148eb9ea00507ec113ec51c489d6ffb4b771/out/vs/workbench/api/node/extensionHostProcess.js:76:10992)
	at p.w (/home/gregoriofranco/.vscode-server/bin/74f6148eb9ea00507ec113ec51c489d6ffb4b771/out/vs/workbench/api/node/extensionHostProcess.js:60:1902)
	at p.fire (/home/gregoriofranco/.vscode-server/bin/74f6148eb9ea00507ec113ec51c489d6ffb4b771/out/vs/workbench/api/node/extensionHostProcess.js:60:2119)
	at p.u (/home/gregoriofranco/.vscode-server/bin/74f6148eb9ea00507ec113ec51c489d6ffb4b771/out/vs/workbench/api/node/extensionHostProcess.js:128:19085)
	at p.acceptFrame (/home/gregoriofranco/.vscode-server/bin/74f6148eb9ea00507ec113ec51c489d6ffb4b771/out/vs/workbench/api/node/extensionHostProcess.js:128:18891)
	at a.l (/home/gregoriofranco/.vscode-server/bin/74f6148eb9ea00507ec113ec51c489d6ffb4b771/out/vs/workbench/api/node/extensionHostProcess.js:128:17524)
	at /home/gregoriofranco/.vscode-server/bin/74f6148eb9ea00507ec113ec51c489d6ffb4b771/out/vs/workbench/api/node/extensionHostProcess.js:128:14871
	at Socket.r (/home/gregoriofranco/.vscode-server/bin/74f6148eb9ea00507ec113ec51c489d6ffb4b771/out/vs/workbench/api/node/extensionHostProcess.js:128:12785)
	at Socket.emit (node:events:513:28)
	at addChunk (node:internal/streams/readable:315:12)
	at readableAddChunk (node:internal/streams/readable:289:9)
	at Socket.Readable.push (node:internal/streams/readable:228:10)
	at TCP.onStreamRead (node:internal/stream_base_commons:190:23) setContext undefined
2023-07-15 15:13:27.760 [error] Canceled: Canceled
	at new h (/home/gregoriofranco/.vscode-server/bin/74f6148eb9ea00507ec113ec51c489d6ffb4b771/out/vs/workbench/api/node/extensionHostProcess.js:100:42413)
	at t.O (/home/gregoriofranco/.vscode-server/bin/74f6148eb9ea00507ec113ec51c489d6ffb4b771/out/vs/workbench/api/node/extensionHostProcess.js:112:11236)
	at Proxy.U.<computed>.q.charCodeAt.U.<computed> (/home/gregoriofranco/.vscode-server/bin/74f6148eb9ea00507ec113ec51c489d6ffb4b771/out/vs/workbench/api/node/extensionHostProcess.js:112:8675)
	at e.$vL.g (/home/gregoriofranco/.vscode-server/bin/74f6148eb9ea00507ec113ec51c489d6ffb4b771/out/vs/workbench/api/node/extensionHostProcess.js:100:63549)
	at e.$vL.executeCommand (/home/gregoriofranco/.vscode-server/bin/74f6148eb9ea00507ec113ec51c489d6ffb4b771/out/vs/workbench/api/node/extensionHostProcess.js:100:62973)
	at P.registerCommand.description (/home/gregoriofranco/.vscode-server/bin/74f6148eb9ea00507ec113ec51c489d6ffb4b771/out/vs/workbench/api/node/extensionHostProcess.js:100:62280)
	at e.$vL.h (/home/gregoriofranco/.vscode-server/bin/74f6148eb9ea00507ec113ec51c489d6ffb4b771/out/vs/workbench/api/node/extensionHostProcess.js:100:64085)
	at e.$vL.g (/home/gregoriofranco/.vscode-server/bin/74f6148eb9ea00507ec113ec51c489d6ffb4b771/out/vs/workbench/api/node/extensionHostProcess.js:100:63073)
	at e.$vL.executeCommand (/home/gregoriofranco/.vscode-server/bin/74f6148eb9ea00507ec113ec51c489d6ffb4b771/out/vs/workbench/api/node/extensionHostProcess.js:100:62973)
	at Object.executeCommand (/home/gregoriofranco/.vscode-server/bin/74f6148eb9ea00507ec113ec51c489d6ffb4b771/out/vs/workbench/api/node/extensionHostProcess.js:118:20971)
	at i.D [as value] (/home/gregoriofranco/.vscode-server/bin/74f6148eb9ea00507ec113ec51c489d6ffb4b771/extensions/git/dist/main.js:2:1260424)
	at p.w (/home/gregoriofranco/.vscode-server/bin/74f6148eb9ea00507ec113ec51c489d6ffb4b771/out/vs/workbench/api/node/extensionHostProcess.js:60:1902)
	at p.x (/home/gregoriofranco/.vscode-server/bin/74f6148eb9ea00507ec113ec51c489d6ffb4b771/out/vs/workbench/api/node/extensionHostProcess.js:60:1972)
	at p.fire (/home/gregoriofranco/.vscode-server/bin/74f6148eb9ea00507ec113ec51c489d6ffb4b771/out/vs/workbench/api/node/extensionHostProcess.js:60:2188)
	at Object.m [as dispose] (/home/gregoriofranco/.vscode-server/bin/74f6148eb9ea00507ec113ec51c489d6ffb4b771/extensions/git/dist/main.js:2:1275972)
	at /home/gregoriofranco/.vscode-server/bin/74f6148eb9ea00507ec113ec51c489d6ffb4b771/extensions/git/dist/main.js:2:1280539
	at Array.forEach (<anonymous>)
	at g.dispose (/home/gregoriofranco/.vscode-server/bin/74f6148eb9ea00507ec113ec51c489d6ffb4b771/extensions/git/dist/main.js:2:1280525)
	at o.<anonymous> (/home/gregoriofranco/.vscode-server/bin/74f6148eb9ea00507ec113ec51c489d6ffb4b771/out/vs/workbench/api/node/extensionHostProcess.js:96:4162)
	at o.dispose (/home/gregoriofranco/.vscode-server/bin/74f6148eb9ea00507ec113ec51c489d6ffb4b771/out/vs/workbench/api/node/extensionHostProcess.js:96:4297)
	at o.<anonymous> (/home/gregoriofranco/.vscode-server/bin/74f6148eb9ea00507ec113ec51c489d6ffb4b771/extensions/git/dist/main.js:2:1262437)
	at o.dispose (/home/gregoriofranco/.vscode-server/bin/74f6148eb9ea00507ec113ec51c489d6ffb4b771/out/vs/workbench/api/node/extensionHostProcess.js:96:4297)
	at D (/home/gregoriofranco/.vscode-server/bin/74f6148eb9ea00507ec113ec51c489d6ffb4b771/out/vs/workbench/api/node/extensionHostProcess.js:10:11731)
	at i.Z (/home/gregoriofranco/.vscode-server/bin/74f6148eb9ea00507ec113ec51c489d6ffb4b771/out/vs/workbench/api/node/extensionHostProcess.js:114:10370)
	at /home/gregoriofranco/.vscode-server/bin/74f6148eb9ea00507ec113ec51c489d6ffb4b771/out/vs/workbench/api/node/extensionHostProcess.js:114:8332
	at Array.map (<anonymous>)
	at i.S (/home/gregoriofranco/.vscode-server/bin/74f6148eb9ea00507ec113ec51c489d6ffb4b771/out/vs/workbench/api/node/extensionHostProcess.js:114:8319)
	at i.terminate (/home/gregoriofranco/.vscode-server/bin/74f6148eb9ea00507ec113ec51c489d6ffb4b771/out/vs/workbench/api/node/extensionHostProcess.js:114:8591)
	at l.terminate (/home/gregoriofranco/.vscode-server/bin/74f6148eb9ea00507ec113ec51c489d6ffb4b771/out/vs/workbench/api/node/extensionHostProcess.js:118:1532)
	at E (/home/gregoriofranco/.vscode-server/bin/74f6148eb9ea00507ec113ec51c489d6ffb4b771/out/vs/workbench/api/node/extensionHostProcess.js:128:32236)
	at i.value (/home/gregoriofranco/.vscode-server/bin/74f6148eb9ea00507ec113ec51c489d6ffb4b771/out/vs/workbench/api/node/extensionHostProcess.js:128:30287)
	at p.w (/home/gregoriofranco/.vscode-server/bin/74f6148eb9ea00507ec113ec51c489d6ffb4b771/out/vs/workbench/api/node/extensionHostProcess.js:60:1902)
	at p.fire (/home/gregoriofranco/.vscode-server/bin/74f6148eb9ea00507ec113ec51c489d6ffb4b771/out/vs/workbench/api/node/extensionHostProcess.js:60:2119)
	at fire (/home/gregoriofranco/.vscode-server/bin/74f6148eb9ea00507ec113ec51c489d6ffb4b771/out/vs/workbench/api/node/extensionHostProcess.js:76:13931)
	at s.z (/home/gregoriofranco/.vscode-server/bin/74f6148eb9ea00507ec113ec51c489d6ffb4b771/out/vs/workbench/api/node/extensionHostProcess.js:76:16976)
	at i.value (/home/gregoriofranco/.vscode-server/bin/74f6148eb9ea00507ec113ec51c489d6ffb4b771/out/vs/workbench/api/node/extensionHostProcess.js:76:15428)
	at p.w (/home/gregoriofranco/.vscode-server/bin/74f6148eb9ea00507ec113ec51c489d6ffb4b771/out/vs/workbench/api/node/extensionHostProcess.js:60:1902)
	at p.fire (/home/gregoriofranco/.vscode-server/bin/74f6148eb9ea00507ec113ec51c489d6ffb4b771/out/vs/workbench/api/node/extensionHostProcess.js:60:2119)
	at i.acceptChunk (/home/gregoriofranco/.vscode-server/bin/74f6148eb9ea00507ec113ec51c489d6ffb4b771/out/vs/workbench/api/node/extensionHostProcess.js:76:11705)
	at i.value (/home/gregoriofranco/.vscode-server/bin/74f6148eb9ea00507ec113ec51c489d6ffb4b771/out/vs/workbench/api/node/extensionHostProcess.js:76:10992)
	at p.w (/home/gregoriofranco/.vscode-server/bin/74f6148eb9ea00507ec113ec51c489d6ffb4b771/out/vs/workbench/api/node/extensionHostProcess.js:60:1902)
	at p.fire (/home/gregoriofranco/.vscode-server/bin/74f6148eb9ea00507ec113ec51c489d6ffb4b771/out/vs/workbench/api/node/extensionHostProcess.js:60:2119)
	at p.u (/home/gregoriofranco/.vscode-server/bin/74f6148eb9ea00507ec113ec51c489d6ffb4b771/out/vs/workbench/api/node/extensionHostProcess.js:128:19085)
	at p.acceptFrame (/home/gregoriofranco/.vscode-server/bin/74f6148eb9ea00507ec113ec51c489d6ffb4b771/out/vs/workbench/api/node/extensionHostProcess.js:128:18891)
	at a.l (/home/gregoriofranco/.vscode-server/bin/74f6148eb9ea00507ec113ec51c489d6ffb4b771/out/vs/workbench/api/node/extensionHostProcess.js:128:17524)
	at /home/gregoriofranco/.vscode-server/bin/74f6148eb9ea00507ec113ec51c489d6ffb4b771/out/vs/workbench/api/node/extensionHostProcess.js:128:14871
	at Socket.r (/home/gregoriofranco/.vscode-server/bin/74f6148eb9ea00507ec113ec51c489d6ffb4b771/out/vs/workbench/api/node/extensionHostProcess.js:128:12785)
	at Socket.emit (node:events:513:28)
	at addChunk (node:internal/streams/readable:315:12)
	at readableAddChunk (node:internal/streams/readable:289:9)
	at Socket.Readable.push (node:internal/streams/readable:228:10)
	at TCP.onStreamRead (node:internal/stream_base_commons:190:23) setContext undefined
2023-07-15 15:13:27.760 [error] Canceled: Canceled
	at new h (/home/gregoriofranco/.vscode-server/bin/74f6148eb9ea00507ec113ec51c489d6ffb4b771/out/vs/workbench/api/node/extensionHostProcess.js:100:42413)
	at t.O (/home/gregoriofranco/.vscode-server/bin/74f6148eb9ea00507ec113ec51c489d6ffb4b771/out/vs/workbench/api/node/extensionHostProcess.js:112:11236)
	at Proxy.U.<computed>.q.charCodeAt.U.<computed> (/home/gregoriofranco/.vscode-server/bin/74f6148eb9ea00507ec113ec51c489d6ffb4b771/out/vs/workbench/api/node/extensionHostProcess.js:112:8675)
	at e.$vL.g (/home/gregoriofranco/.vscode-server/bin/74f6148eb9ea00507ec113ec51c489d6ffb4b771/out/vs/workbench/api/node/extensionHostProcess.js:100:63549)
	at e.$vL.executeCommand (/home/gregoriofranco/.vscode-server/bin/74f6148eb9ea00507ec113ec51c489d6ffb4b771/out/vs/workbench/api/node/extensionHostProcess.js:100:62973)
	at P.registerCommand.description (/home/gregoriofranco/.vscode-server/bin/74f6148eb9ea00507ec113ec51c489d6ffb4b771/out/vs/workbench/api/node/extensionHostProcess.js:100:62280)
	at e.$vL.h (/home/gregoriofranco/.vscode-server/bin/74f6148eb9ea00507ec113ec51c489d6ffb4b771/out/vs/workbench/api/node/extensionHostProcess.js:100:64085)
	at e.$vL.g (/home/gregoriofranco/.vscode-server/bin/74f6148eb9ea00507ec113ec51c489d6ffb4b771/out/vs/workbench/api/node/extensionHostProcess.js:100:63073)
	at e.$vL.executeCommand (/home/gregoriofranco/.vscode-server/bin/74f6148eb9ea00507ec113ec51c489d6ffb4b771/out/vs/workbench/api/node/extensionHostProcess.js:100:62973)
	at Object.executeCommand (/home/gregoriofranco/.vscode-server/bin/74f6148eb9ea00507ec113ec51c489d6ffb4b771/out/vs/workbench/api/node/extensionHostProcess.js:118:20971)
	at t.$Fe.set b [as b] (/home/gregoriofranco/.vscode-server/bin/74f6148eb9ea00507ec113ec51c489d6ffb4b771/extensions/github/dist/extension.js:2:675669)
	at /home/gregoriofranco/.vscode-server/bin/74f6148eb9ea00507ec113ec51c489d6ffb4b771/extensions/github/dist/extension.js:2:676313
	at i.value (/home/gregoriofranco/.vscode-server/bin/74f6148eb9ea00507ec113ec51c489d6ffb4b771/extensions/git/dist/main.js:2:1347255)
	at p.w (/home/gregoriofranco/.vscode-server/bin/74f6148eb9ea00507ec113ec51c489d6ffb4b771/out/vs/workbench/api/node/extensionHostProcess.js:60:1902)
	at p.x (/home/gregoriofranco/.vscode-server/bin/74f6148eb9ea00507ec113ec51c489d6ffb4b771/out/vs/workbench/api/node/extensionHostProcess.js:60:1972)
	at p.fire (/home/gregoriofranco/.vscode-server/bin/74f6148eb9ea00507ec113ec51c489d6ffb4b771/out/vs/workbench/api/node/extensionHostProcess.js:60:2188)
	at Object.m [as dispose] (/home/gregoriofranco/.vscode-server/bin/74f6148eb9ea00507ec113ec51c489d6ffb4b771/extensions/git/dist/main.js:2:1275972)
	at /home/gregoriofranco/.vscode-server/bin/74f6148eb9ea00507ec113ec51c489d6ffb4b771/extensions/git/dist/main.js:2:1280539
	at Array.forEach (<anonymous>)
	at g.dispose (/home/gregoriofranco/.vscode-server/bin/74f6148eb9ea00507ec113ec51c489d6ffb4b771/extensions/git/dist/main.js:2:1280525)
	at o.<anonymous> (/home/gregoriofranco/.vscode-server/bin/74f6148eb9ea00507ec113ec51c489d6ffb4b771/out/vs/workbench/api/node/extensionHostProcess.js:96:4162)
	at o.dispose (/home/gregoriofranco/.vscode-server/bin/74f6148eb9ea00507ec113ec51c489d6ffb4b771/out/vs/workbench/api/node/extensionHostProcess.js:96:4297)
	at o.<anonymous> (/home/gregoriofranco/.vscode-server/bin/74f6148eb9ea00507ec113ec51c489d6ffb4b771/extensions/git/dist/main.js:2:1262437)
	at o.dispose (/home/gregoriofranco/.vscode-server/bin/74f6148eb9ea00507ec113ec51c489d6ffb4b771/out/vs/workbench/api/node/extensionHostProcess.js:96:4297)
	at D (/home/gregoriofranco/.vscode-server/bin/74f6148eb9ea00507ec113ec51c489d6ffb4b771/out/vs/workbench/api/node/extensionHostProcess.js:10:11731)
	at i.Z (/home/gregoriofranco/.vscode-server/bin/74f6148eb9ea00507ec113ec51c489d6ffb4b771/out/vs/workbench/api/node/extensionHostProcess.js:114:10370)
	at /home/gregoriofranco/.vscode-server/bin/74f6148eb9ea00507ec113ec51c489d6ffb4b771/out/vs/workbench/api/node/extensionHostProcess.js:114:8332
	at Array.map (<anonymous>)
	at i.S (/home/gregoriofranco/.vscode-server/bin/74f6148eb9ea00507ec113ec51c489d6ffb4b771/out/vs/workbench/api/node/extensionHostProcess.js:114:8319)
	at i.terminate (/home/gregoriofranco/.vscode-server/bin/74f6148eb9ea00507ec113ec51c489d6ffb4b771/out/vs/workbench/api/node/extensionHostProcess.js:114:8591)
	at l.terminate (/home/gregoriofranco/.vscode-server/bin/74f6148eb9ea00507ec113ec51c489d6ffb4b771/out/vs/workbench/api/node/extensionHostProcess.js:118:1532)
	at E (/home/gregoriofranco/.vscode-server/bin/74f6148eb9ea00507ec113ec51c489d6ffb4b771/out/vs/workbench/api/node/extensionHostProcess.js:128:32236)
	at i.value (/home/gregoriofranco/.vscode-server/bin/74f6148eb9ea00507ec113ec51c489d6ffb4b771/out/vs/workbench/api/node/extensionHostProcess.js:128:30287)
	at p.w (/home/gregoriofranco/.vscode-server/bin/74f6148eb9ea00507ec113ec51c489d6ffb4b771/out/vs/workbench/api/node/extensionHostProcess.js:60:1902)
	at p.fire (/home/gregoriofranco/.vscode-server/bin/74f6148eb9ea00507ec113ec51c489d6ffb4b771/out/vs/workbench/api/node/extensionHostProcess.js:60:2119)
	at fire (/home/gregoriofranco/.vscode-server/bin/74f6148eb9ea00507ec113ec51c489d6ffb4b771/out/vs/workbench/api/node/extensionHostProcess.js:76:13931)
	at s.z (/home/gregoriofranco/.vscode-server/bin/74f6148eb9ea00507ec113ec51c489d6ffb4b771/out/vs/workbench/api/node/extensionHostProcess.js:76:16976)
	at i.value (/home/gregoriofranco/.vscode-server/bin/74f6148eb9ea00507ec113ec51c489d6ffb4b771/out/vs/workbench/api/node/extensionHostProcess.js:76:15428)
	at p.w (/home/gregoriofranco/.vscode-server/bin/74f6148eb9ea00507ec113ec51c489d6ffb4b771/out/vs/workbench/api/node/extensionHostProcess.js:60:1902)
	at p.fire (/home/gregoriofranco/.vscode-server/bin/74f6148eb9ea00507ec113ec51c489d6ffb4b771/out/vs/workbench/api/node/extensionHostProcess.js:60:2119)
	at i.acceptChunk (/home/gregoriofranco/.vscode-server/bin/74f6148eb9ea00507ec113ec51c489d6ffb4b771/out/vs/workbench/api/node/extensionHostProcess.js:76:11705)
	at i.value (/home/gregoriofranco/.vscode-server/bin/74f6148eb9ea00507ec113ec51c489d6ffb4b771/out/vs/workbench/api/node/extensionHostProcess.js:76:10992)
	at p.w (/home/gregoriofranco/.vscode-server/bin/74f6148eb9ea00507ec113ec51c489d6ffb4b771/out/vs/workbench/api/node/extensionHostProcess.js:60:1902)
	at p.fire (/home/gregoriofranco/.vscode-server/bin/74f6148eb9ea00507ec113ec51c489d6ffb4b771/out/vs/workbench/api/node/extensionHostProcess.js:60:2119)
	at p.u (/home/gregoriofranco/.vscode-server/bin/74f6148eb9ea00507ec113ec51c489d6ffb4b771/out/vs/workbench/api/node/extensionHostProcess.js:128:19085)
	at p.acceptFrame (/home/gregoriofranco/.vscode-server/bin/74f6148eb9ea00507ec113ec51c489d6ffb4b771/out/vs/workbench/api/node/extensionHostProcess.js:128:18891)
	at a.l (/home/gregoriofranco/.vscode-server/bin/74f6148eb9ea00507ec113ec51c489d6ffb4b771/out/vs/workbench/api/node/extensionHostProcess.js:128:17524)
	at /home/gregoriofranco/.vscode-server/bin/74f6148eb9ea00507ec113ec51c489d6ffb4b771/out/vs/workbench/api/node/extensionHostProcess.js:128:14871
	at Socket.r (/home/gregoriofranco/.vscode-server/bin/74f6148eb9ea00507ec113ec51c489d6ffb4b771/out/vs/workbench/api/node/extensionHostProcess.js:128:12785)
	at Socket.emit (node:events:513:28)
	at addChunk (node:internal/streams/readable:315:12)
	at readableAddChunk (node:internal/streams/readable:289:9)
	at Socket.Readable.push (node:internal/streams/readable:228:10)
	at TCP.onStreamRead (node:internal/stream_base_commons:190:23) setContext undefined
2023-07-15 15:13:27.760 [info] Extension host with pid 323 exiting with code 0
