0 verbose cli /home/gregoriofranco/.nvm/versions/node/v16.20.1/bin/node /home/gregoriofranco/.nvm/versions/node/v16.20.1/bin/npm
1 info using npm@8.19.4
2 info using node@v16.20.1
3 timing npm:load:whichnode Completed in 0ms
4 timing config:load:defaults Completed in 3ms
5 timing config:load:file:/home/gregoriofranco/.nvm/versions/node/v16.20.1/lib/node_modules/npm/npmrc Completed in 1ms
6 timing config:load:builtin Completed in 1ms
7 timing config:load:cli Completed in 2ms
8 timing config:load:env Completed in 0ms
9 timing config:load:project Completed in 3ms
10 timing config:load:file:/home/gregoriofranco/.npmrc Completed in 1ms
11 timing config:load:user Completed in 1ms
12 timing config:load:file:/home/gregoriofranco/.nvm/versions/node/v16.20.1/etc/npmrc Completed in 0ms
13 timing config:load:global Completed in 0ms
14 timing config:load:validate Completed in 0ms
15 timing config:load:credentials Completed in 1ms
16 timing config:load:setEnvs Completed in 1ms
17 timing config:load Completed in 12ms
18 timing npm:load:configload Completed in 12ms
19 timing npm:load:mkdirpcache Completed in 1ms
20 timing npm:load:mkdirplogs Completed in 1ms
21 verbose title npm install termdown
22 verbose argv "install" "--global" "termdown"
23 timing npm:load:setTitle Completed in 1ms
24 timing config:load:flatten Completed in 2ms
25 timing npm:load:display Completed in 3ms
26 verbose logfile logs-max:10 dir:/home/gregoriofranco/.npm/_logs
27 verbose logfile /home/gregoriofranco/.npm/_logs/2023-06-29T02_19_46_996Z-debug-0.log
28 timing npm:load:logFile Completed in 4ms
29 timing npm:load:timers Completed in 0ms
30 timing npm:load:configScope Completed in 0ms
31 timing npm:load Completed in 22ms
32 timing arborist:ctor Completed in 1ms
33 silly logfile done cleaning log files
34 timing idealTree:init Completed in 4ms
35 timing idealTree:userRequests Completed in 2ms
36 silly idealTree buildDeps
37 silly fetch manifest termdown@*
38 http fetch GET 404 https://registry.npmjs.org/termdown 557ms (cache skip)
39 http fetch GET 404 https://registry.npmjs.org/termdown 337ms (cache skip)
40 silly placeDep ROOT termdown@ OK for:  want: *
41 timing idealTree:#root Completed in 901ms
42 timing idealTree:node_modules/termdown Completed in 0ms
43 timing idealTree:buildDeps Completed in 902ms
44 timing idealTree:fixDepFlags Completed in 1ms
45 timing idealTree Completed in 909ms
46 timing command:install Completed in 918ms
47 verbose stack HttpErrorGeneral: 404 Not Found - GET https://registry.npmjs.org/termdown - Not found
47 verbose stack     at /home/gregoriofranco/.nvm/versions/node/v16.20.1/lib/node_modules/npm/node_modules/npm-registry-fetch/lib/check-response.js:95:15
47 verbose stack     at processTicksAndRejections (node:internal/process/task_queues:96:5)
47 verbose stack     at async RegistryFetcher.packument (/home/gregoriofranco/.nvm/versions/node/v16.20.1/lib/node_modules/npm/node_modules/pacote/lib/registry.js:92:19)
47 verbose stack     at async RegistryFetcher.manifest (/home/gregoriofranco/.nvm/versions/node/v16.20.1/lib/node_modules/npm/node_modules/pacote/lib/registry.js:124:23)
47 verbose stack     at async Arborist.[nodeFromEdge] (/home/gregoriofranco/.nvm/versions/node/v16.20.1/lib/node_modules/npm/node_modules/@npmcli/arborist/lib/arborist/build-ideal-tree.js:1061:19)
47 verbose stack     at async Arborist.[buildDepStep] (/home/gregoriofranco/.nvm/versions/node/v16.20.1/lib/node_modules/npm/node_modules/@npmcli/arborist/lib/arborist/build-ideal-tree.js:930:11)
47 verbose stack     at async Arborist.buildIdealTree (/home/gregoriofranco/.nvm/versions/node/v16.20.1/lib/node_modules/npm/node_modules/@npmcli/arborist/lib/arborist/build-ideal-tree.js:211:7)
47 verbose stack     at async Arborist.reify (/home/gregoriofranco/.nvm/versions/node/v16.20.1/lib/node_modules/npm/node_modules/@npmcli/arborist/lib/arborist/reify.js:154:5)
47 verbose stack     at async Install.exec (/home/gregoriofranco/.nvm/versions/node/v16.20.1/lib/node_modules/npm/lib/commands/install.js:145:5)
47 verbose stack     at async module.exports (/home/gregoriofranco/.nvm/versions/node/v16.20.1/lib/node_modules/npm/lib/cli.js:78:5)
48 verbose statusCode 404
49 verbose pkgid termdown@*
50 verbose cwd /home/gregoriofranco
51 verbose Linux 5.10.16.3-microsoft-standard-WSL2
52 verbose node v16.20.1
53 verbose npm  v8.19.4
54 error code E404
55 error 404 Not Found - GET https://registry.npmjs.org/termdown - Not found
56 error 404
57 error 404  'termdown@*' is not in this registry.
58 error 404
58 error 404 Note that you can also install from a
59 error 404 tarball, folder, http url, or git url.
60 verbose exit 1
61 timing npm Completed in 1043ms
62 verbose unfinished npm timer reify 1688005187118
63 verbose unfinished npm timer reify:loadTrees 1688005187124
64 verbose code 1
65 error A complete log of this run can be found in:
65 error     /home/gregoriofranco/.npm/_logs/2023-06-29T02_19_46_996Z-debug-0.log
