0 verbose cli /home/gregoriofranco/.nvm/versions/node/v16.20.1/bin/node /home/gregoriofranco/.nvm/versions/node/v16.20.1/bin/npm
1 info using npm@8.19.4
2 info using node@v16.20.1
3 timing npm:load:whichnode Completed in 1ms
4 timing config:load:defaults Completed in 1ms
5 timing config:load:file:/home/gregoriofranco/.nvm/versions/node/v16.20.1/lib/node_modules/npm/npmrc Completed in 2ms
6 timing config:load:builtin Completed in 3ms
7 timing config:load:cli Completed in 0ms
8 timing config:load:env Completed in 1ms
9 timing config:load:file:/home/gregoriofranco/aa-projects/.npmrc Completed in 0ms
10 timing config:load:project Completed in 1ms
11 timing config:load:file:/home/gregoriofranco/.npmrc Completed in 0ms
12 timing config:load:user Completed in 0ms
13 timing config:load:file:/home/gregoriofranco/.nvm/versions/node/v16.20.1/etc/npmrc Completed in 0ms
14 timing config:load:global Completed in 0ms
15 timing config:load:validate Completed in 1ms
16 timing config:load:credentials Completed in 0ms
17 timing config:load:setEnvs Completed in 1ms
18 timing config:load Completed in 8ms
19 timing npm:load:configload Completed in 8ms
20 timing npm:load:mkdirpcache Completed in 0ms
21 timing npm:load:mkdirplogs Completed in 0ms
22 verbose title npm install
23 verbose argv "install"
24 timing npm:load:setTitle Completed in 1ms
25 timing config:load:flatten Completed in 1ms
26 timing npm:load:display Completed in 2ms
27 verbose logfile logs-max:10 dir:/home/gregoriofranco/.npm/_logs
28 verbose logfile /home/gregoriofranco/.npm/_logs/2023-06-28T03_16_15_651Z-debug-0.log
29 timing npm:load:logFile Completed in 2ms
30 timing npm:load:timers Completed in 0ms
31 timing npm:load:configScope Completed in 0ms
32 timing npm:load Completed in 17ms
33 timing arborist:ctor Completed in 1ms
34 silly logfile done cleaning log files
35 timing arborist:ctor Completed in 0ms
36 timing idealTree:init Completed in 7ms
37 timing idealTree:userRequests Completed in 0ms
38 silly idealTree buildDeps
39 timing idealTree:#root Completed in 0ms
40 timing idealTree:buildDeps Completed in 0ms
41 timing idealTree:fixDepFlags Completed in 1ms
42 timing idealTree Completed in 9ms
43 timing reify:loadTrees Completed in 9ms
44 timing reify:diffTrees Completed in 0ms
45 silly reify moves {}
46 timing reify:retireShallow Completed in 1ms
47 timing reify:createSparse Completed in 0ms
48 timing reify:loadBundles Completed in 0ms
49 silly audit report null
50 timing reify:audit Completed in 0ms
51 timing reify:unpack Completed in 0ms
52 timing reify:unretire Completed in 0ms
53 timing build:queue Completed in 0ms
54 timing build:deps Completed in 0ms
55 timing build Completed in 0ms
56 timing reify:build Completed in 1ms
57 timing reify:trash Completed in 0ms
58 timing reify:save Completed in 1ms
59 timing reify Completed in 22ms
60 timing command:install Completed in 23ms
61 verbose stack Error: ENOENT: no such file or directory, open '/home/gregoriofranco/aa-projects/package.json'
62 verbose cwd /home/gregoriofranco/aa-projects
63 verbose Linux 5.10.16.3-microsoft-standard-WSL2
64 verbose node v16.20.1
65 verbose npm  v8.19.4
66 error code ENOENT
67 error syscall open
68 error path /home/gregoriofranco/aa-projects/package.json
69 error errno -2
70 error enoent ENOENT: no such file or directory, open '/home/gregoriofranco/aa-projects/package.json'
71 error enoent This is related to npm not being able to find a file.
71 error enoent
72 verbose exit -2
73 timing npm Completed in 87ms
74 verbose code -2
75 error A complete log of this run can be found in:
75 error     /home/gregoriofranco/.npm/_logs/2023-06-28T03_16_15_651Z-debug-0.log
