2023-06-28 00:32:27.828 [info] Extension host with pid 4028 started
2023-06-28 00:32:27.840 [info] Lock '/home/gregoriofranco/.vscode-server/data/User/workspaceStorage/9168050f847a97671c9666729c1de181/vscode.lock': Lock acquired.
2023-06-28 00:32:27.868 [info] ExtensionService#_doActivateExtension vscode.git-base, startup: true, activationEvent: '*', root cause: vscode.git
2023-06-28 00:32:27.889 [info] ExtensionService#_doActivateExtension vscode.git, startup: true, activationEvent: '*'
2023-06-28 00:32:27.890 [info] ExtensionService#_doActivateExtension vscode.github, startup: true, activationEvent: '*'
2023-06-28 00:32:27.999 [info] Eager extensions activated
2023-06-28 00:32:27.999 [info] ExtensionService#_doActivateExtension vscode.debug-auto-launch, startup: false, activationEvent: 'onStartupFinished'
2023-06-28 00:32:28.000 [info] ExtensionService#_doActivateExtension vscode.merge-conflict, startup: false, activationEvent: 'onStartupFinished'
2023-06-28 00:32:28.114 [warning] [Decorations] CAPPING events from decorations provider vscode.git 1672
2023-06-28 00:32:28.394 [warning] [Decorations] CAPPING events from decorations provider vscode.git 1672
2023-06-28 00:32:29.005 [info] ExtensionService#_doActivateExtension vscode.emmet, startup: false, activationEvent: 'onLanguage'
2023-06-28 00:32:36.952 [warning] [Decorations] CAPPING events from decorations provider vscode.git 1674
2023-06-28 00:32:42.865 [warning] [Decorations] CAPPING events from decorations provider vscode.git 1674
2023-06-28 00:32:49.406 [warning] [Decorations] CAPPING events from decorations provider vscode.git 1674
2023-06-28 00:32:49.471 [info] Extension host terminating: received terminate message from renderer
2023-06-28 00:32:49.471 [info] Lock '/home/gregoriofranco/.vscode-server/data/User/workspaceStorage/9168050f847a97671c9666729c1de181/vscode.lock': Marking the lockfile as scheduled to be released in 6000 ms.
2023-06-28 00:32:49.482 [error] Canceled: Canceled
	at new l (/home/gregoriofranco/.vscode-server/bin/695af097c7bd098fbf017ce3ac85e09bbc5dda06/out/vs/workbench/api/node/extensionHostProcess.js:100:105905)
	at s.O (/home/gregoriofranco/.vscode-server/bin/695af097c7bd098fbf017ce3ac85e09bbc5dda06/out/vs/workbench/api/node/extensionHostProcess.js:112:11754)
	at Proxy.z.<computed>.H.charCodeAt.z.<computed> (/home/gregoriofranco/.vscode-server/bin/695af097c7bd098fbf017ce3ac85e09bbc5dda06/out/vs/workbench/api/node/extensionHostProcess.js:112:9029)
	at e.ExtHostCommands.g (/home/gregoriofranco/.vscode-server/bin/695af097c7bd098fbf017ce3ac85e09bbc5dda06/out/vs/workbench/api/node/extensionHostProcess.js:100:130078)
	at e.ExtHostCommands.executeCommand (/home/gregoriofranco/.vscode-server/bin/695af097c7bd098fbf017ce3ac85e09bbc5dda06/out/vs/workbench/api/node/extensionHostProcess.js:100:129454)
	at k.registerCommand.description (/home/gregoriofranco/.vscode-server/bin/695af097c7bd098fbf017ce3ac85e09bbc5dda06/out/vs/workbench/api/node/extensionHostProcess.js:100:128747)
	at e.ExtHostCommands.h (/home/gregoriofranco/.vscode-server/bin/695af097c7bd098fbf017ce3ac85e09bbc5dda06/out/vs/workbench/api/node/extensionHostProcess.js:100:130664)
	at e.ExtHostCommands.g (/home/gregoriofranco/.vscode-server/bin/695af097c7bd098fbf017ce3ac85e09bbc5dda06/out/vs/workbench/api/node/extensionHostProcess.js:100:129554)
	at e.ExtHostCommands.executeCommand (/home/gregoriofranco/.vscode-server/bin/695af097c7bd098fbf017ce3ac85e09bbc5dda06/out/vs/workbench/api/node/extensionHostProcess.js:100:129454)
	at Object.executeCommand (/home/gregoriofranco/.vscode-server/bin/695af097c7bd098fbf017ce3ac85e09bbc5dda06/out/vs/workbench/api/node/extensionHostProcess.js:118:24230)
	at D (/home/gregoriofranco/.vscode-server/bin/695af097c7bd098fbf017ce3ac85e09bbc5dda06/extensions/git/dist/main.js:2:1261288)
	at b.invoke (/home/gregoriofranco/.vscode-server/bin/695af097c7bd098fbf017ce3ac85e09bbc5dda06/out/vs/workbench/api/node/extensionHostProcess.js:63:145)
	at deliver (/home/gregoriofranco/.vscode-server/bin/695af097c7bd098fbf017ce3ac85e09bbc5dda06/out/vs/workbench/api/node/extensionHostProcess.js:63:2121)
	at n.fire (/home/gregoriofranco/.vscode-server/bin/695af097c7bd098fbf017ce3ac85e09bbc5dda06/out/vs/workbench/api/node/extensionHostProcess.js:63:1729)
	at Object.m [as dispose] (/home/gregoriofranco/.vscode-server/bin/695af097c7bd098fbf017ce3ac85e09bbc5dda06/extensions/git/dist/main.js:2:1276121)
	at /home/gregoriofranco/.vscode-server/bin/695af097c7bd098fbf017ce3ac85e09bbc5dda06/extensions/git/dist/main.js:2:1280622
	at Array.forEach (<anonymous>)
	at g.dispose (/home/gregoriofranco/.vscode-server/bin/695af097c7bd098fbf017ce3ac85e09bbc5dda06/extensions/git/dist/main.js:2:1280608)
	at r.<anonymous> (/home/gregoriofranco/.vscode-server/bin/695af097c7bd098fbf017ce3ac85e09bbc5dda06/out/vs/workbench/api/node/extensionHostProcess.js:98:12552)
	at r.dispose (/home/gregoriofranco/.vscode-server/bin/695af097c7bd098fbf017ce3ac85e09bbc5dda06/out/vs/workbench/api/node/extensionHostProcess.js:98:12687)
	at r.<anonymous> (/home/gregoriofranco/.vscode-server/bin/695af097c7bd098fbf017ce3ac85e09bbc5dda06/extensions/git/dist/main.js:2:1263418)
	at r.dispose (/home/gregoriofranco/.vscode-server/bin/695af097c7bd098fbf017ce3ac85e09bbc5dda06/out/vs/workbench/api/node/extensionHostProcess.js:98:12687)
	at I (/home/gregoriofranco/.vscode-server/bin/695af097c7bd098fbf017ce3ac85e09bbc5dda06/out/vs/workbench/api/node/extensionHostProcess.js:10:12083)
	at n.Z (/home/gregoriofranco/.vscode-server/bin/695af097c7bd098fbf017ce3ac85e09bbc5dda06/out/vs/workbench/api/node/extensionHostProcess.js:114:11285)
	at /home/gregoriofranco/.vscode-server/bin/695af097c7bd098fbf017ce3ac85e09bbc5dda06/out/vs/workbench/api/node/extensionHostProcess.js:114:9187
	at Array.map (<anonymous>)
	at n.S (/home/gregoriofranco/.vscode-server/bin/695af097c7bd098fbf017ce3ac85e09bbc5dda06/out/vs/workbench/api/node/extensionHostProcess.js:114:9175)
	at n.terminate (/home/gregoriofranco/.vscode-server/bin/695af097c7bd098fbf017ce3ac85e09bbc5dda06/out/vs/workbench/api/node/extensionHostProcess.js:114:9445)
	at h.terminate (/home/gregoriofranco/.vscode-server/bin/695af097c7bd098fbf017ce3ac85e09bbc5dda06/out/vs/workbench/api/node/extensionHostProcess.js:118:1544)
	at p (/home/gregoriofranco/.vscode-server/bin/695af097c7bd098fbf017ce3ac85e09bbc5dda06/out/vs/workbench/api/node/extensionHostProcess.js:128:34497)
	at /home/gregoriofranco/.vscode-server/bin/695af097c7bd098fbf017ce3ac85e09bbc5dda06/out/vs/workbench/api/node/extensionHostProcess.js:128:32407
	at b.invoke (/home/gregoriofranco/.vscode-server/bin/695af097c7bd098fbf017ce3ac85e09bbc5dda06/out/vs/workbench/api/node/extensionHostProcess.js:63:145)
	at deliver (/home/gregoriofranco/.vscode-server/bin/695af097c7bd098fbf017ce3ac85e09bbc5dda06/out/vs/workbench/api/node/extensionHostProcess.js:63:2121)
	at n.fire (/home/gregoriofranco/.vscode-server/bin/695af097c7bd098fbf017ce3ac85e09bbc5dda06/out/vs/workbench/api/node/extensionHostProcess.js:63:1729)
	at p.fire (/home/gregoriofranco/.vscode-server/bin/695af097c7bd098fbf017ce3ac85e09bbc5dda06/out/vs/workbench/api/node/extensionHostProcess.js:73:14783)
	at D.E (/home/gregoriofranco/.vscode-server/bin/695af097c7bd098fbf017ce3ac85e09bbc5dda06/out/vs/workbench/api/node/extensionHostProcess.js:73:18830)
	at /home/gregoriofranco/.vscode-server/bin/695af097c7bd098fbf017ce3ac85e09bbc5dda06/out/vs/workbench/api/node/extensionHostProcess.js:73:16818
	at b.invoke (/home/gregoriofranco/.vscode-server/bin/695af097c7bd098fbf017ce3ac85e09bbc5dda06/out/vs/workbench/api/node/extensionHostProcess.js:63:145)
	at deliver (/home/gregoriofranco/.vscode-server/bin/695af097c7bd098fbf017ce3ac85e09bbc5dda06/out/vs/workbench/api/node/extensionHostProcess.js:63:2121)
	at n.fire (/home/gregoriofranco/.vscode-server/bin/695af097c7bd098fbf017ce3ac85e09bbc5dda06/out/vs/workbench/api/node/extensionHostProcess.js:63:1729)
	at h.acceptChunk (/home/gregoriofranco/.vscode-server/bin/695af097c7bd098fbf017ce3ac85e09bbc5dda06/out/vs/workbench/api/node/extensionHostProcess.js:73:12514)
	at /home/gregoriofranco/.vscode-server/bin/695af097c7bd098fbf017ce3ac85e09bbc5dda06/out/vs/workbench/api/node/extensionHostProcess.js:73:11801
	at b.invoke (/home/gregoriofranco/.vscode-server/bin/695af097c7bd098fbf017ce3ac85e09bbc5dda06/out/vs/workbench/api/node/extensionHostProcess.js:63:145)
	at deliver (/home/gregoriofranco/.vscode-server/bin/695af097c7bd098fbf017ce3ac85e09bbc5dda06/out/vs/workbench/api/node/extensionHostProcess.js:63:2121)
	at n.fire (/home/gregoriofranco/.vscode-server/bin/695af097c7bd098fbf017ce3ac85e09bbc5dda06/out/vs/workbench/api/node/extensionHostProcess.js:63:1729)
	at E.u (/home/gregoriofranco/.vscode-server/bin/695af097c7bd098fbf017ce3ac85e09bbc5dda06/out/vs/workbench/api/node/extensionHostProcess.js:128:20037)
	at E.acceptFrame (/home/gregoriofranco/.vscode-server/bin/695af097c7bd098fbf017ce3ac85e09bbc5dda06/out/vs/workbench/api/node/extensionHostProcess.js:128:19843)
	at d.l (/home/gregoriofranco/.vscode-server/bin/695af097c7bd098fbf017ce3ac85e09bbc5dda06/out/vs/workbench/api/node/extensionHostProcess.js:128:18436)
	at /home/gregoriofranco/.vscode-server/bin/695af097c7bd098fbf017ce3ac85e09bbc5dda06/out/vs/workbench/api/node/extensionHostProcess.js:128:15773
	at Socket.i (/home/gregoriofranco/.vscode-server/bin/695af097c7bd098fbf017ce3ac85e09bbc5dda06/out/vs/workbench/api/node/extensionHostProcess.js:128:13607)
	at Socket.emit (node:events:513:28)
	at addChunk (node:internal/streams/readable:315:12)
	at readableAddChunk (node:internal/streams/readable:289:9)
	at Socket.Readable.push (node:internal/streams/readable:228:10)
	at TCP.onStreamRead (node:internal/stream_base_commons:190:23) setContext undefined
2023-06-28 00:32:49.483 [error] Canceled: Canceled
	at new l (/home/gregoriofranco/.vscode-server/bin/695af097c7bd098fbf017ce3ac85e09bbc5dda06/out/vs/workbench/api/node/extensionHostProcess.js:100:105905)
	at s.O (/home/gregoriofranco/.vscode-server/bin/695af097c7bd098fbf017ce3ac85e09bbc5dda06/out/vs/workbench/api/node/extensionHostProcess.js:112:11754)
	at Proxy.z.<computed>.H.charCodeAt.z.<computed> (/home/gregoriofranco/.vscode-server/bin/695af097c7bd098fbf017ce3ac85e09bbc5dda06/out/vs/workbench/api/node/extensionHostProcess.js:112:9029)
	at e.ExtHostCommands.g (/home/gregoriofranco/.vscode-server/bin/695af097c7bd098fbf017ce3ac85e09bbc5dda06/out/vs/workbench/api/node/extensionHostProcess.js:100:130078)
	at e.ExtHostCommands.executeCommand (/home/gregoriofranco/.vscode-server/bin/695af097c7bd098fbf017ce3ac85e09bbc5dda06/out/vs/workbench/api/node/extensionHostProcess.js:100:129454)
	at k.registerCommand.description (/home/gregoriofranco/.vscode-server/bin/695af097c7bd098fbf017ce3ac85e09bbc5dda06/out/vs/workbench/api/node/extensionHostProcess.js:100:128747)
	at e.ExtHostCommands.h (/home/gregoriofranco/.vscode-server/bin/695af097c7bd098fbf017ce3ac85e09bbc5dda06/out/vs/workbench/api/node/extensionHostProcess.js:100:130664)
	at e.ExtHostCommands.g (/home/gregoriofranco/.vscode-server/bin/695af097c7bd098fbf017ce3ac85e09bbc5dda06/out/vs/workbench/api/node/extensionHostProcess.js:100:129554)
	at e.ExtHostCommands.executeCommand (/home/gregoriofranco/.vscode-server/bin/695af097c7bd098fbf017ce3ac85e09bbc5dda06/out/vs/workbench/api/node/extensionHostProcess.js:100:129454)
	at Object.executeCommand (/home/gregoriofranco/.vscode-server/bin/695af097c7bd098fbf017ce3ac85e09bbc5dda06/out/vs/workbench/api/node/extensionHostProcess.js:118:24230)
	at p.VscodeDevShareProvider.set b [as b] (/home/gregoriofranco/.vscode-server/bin/695af097c7bd098fbf017ce3ac85e09bbc5dda06/extensions/github/dist/extension.js:2:152873)
	at /home/gregoriofranco/.vscode-server/bin/695af097c7bd098fbf017ce3ac85e09bbc5dda06/extensions/github/dist/extension.js:2:153583
	at /home/gregoriofranco/.vscode-server/bin/695af097c7bd098fbf017ce3ac85e09bbc5dda06/extensions/git/dist/main.js:2:1348881
	at b.invoke (/home/gregoriofranco/.vscode-server/bin/695af097c7bd098fbf017ce3ac85e09bbc5dda06/out/vs/workbench/api/node/extensionHostProcess.js:63:145)
	at deliver (/home/gregoriofranco/.vscode-server/bin/695af097c7bd098fbf017ce3ac85e09bbc5dda06/out/vs/workbench/api/node/extensionHostProcess.js:63:2121)
	at n.fire (/home/gregoriofranco/.vscode-server/bin/695af097c7bd098fbf017ce3ac85e09bbc5dda06/out/vs/workbench/api/node/extensionHostProcess.js:63:1729)
	at Object.m [as dispose] (/home/gregoriofranco/.vscode-server/bin/695af097c7bd098fbf017ce3ac85e09bbc5dda06/extensions/git/dist/main.js:2:1276121)
	at /home/gregoriofranco/.vscode-server/bin/695af097c7bd098fbf017ce3ac85e09bbc5dda06/extensions/git/dist/main.js:2:1280622
	at Array.forEach (<anonymous>)
	at g.dispose (/home/gregoriofranco/.vscode-server/bin/695af097c7bd098fbf017ce3ac85e09bbc5dda06/extensions/git/dist/main.js:2:1280608)
	at r.<anonymous> (/home/gregoriofranco/.vscode-server/bin/695af097c7bd098fbf017ce3ac85e09bbc5dda06/out/vs/workbench/api/node/extensionHostProcess.js:98:12552)
	at r.dispose (/home/gregoriofranco/.vscode-server/bin/695af097c7bd098fbf017ce3ac85e09bbc5dda06/out/vs/workbench/api/node/extensionHostProcess.js:98:12687)
	at r.<anonymous> (/home/gregoriofranco/.vscode-server/bin/695af097c7bd098fbf017ce3ac85e09bbc5dda06/extensions/git/dist/main.js:2:1263418)
	at r.dispose (/home/gregoriofranco/.vscode-server/bin/695af097c7bd098fbf017ce3ac85e09bbc5dda06/out/vs/workbench/api/node/extensionHostProcess.js:98:12687)
	at I (/home/gregoriofranco/.vscode-server/bin/695af097c7bd098fbf017ce3ac85e09bbc5dda06/out/vs/workbench/api/node/extensionHostProcess.js:10:12083)
	at n.Z (/home/gregoriofranco/.vscode-server/bin/695af097c7bd098fbf017ce3ac85e09bbc5dda06/out/vs/workbench/api/node/extensionHostProcess.js:114:11285)
	at /home/gregoriofranco/.vscode-server/bin/695af097c7bd098fbf017ce3ac85e09bbc5dda06/out/vs/workbench/api/node/extensionHostProcess.js:114:9187
	at Array.map (<anonymous>)
	at n.S (/home/gregoriofranco/.vscode-server/bin/695af097c7bd098fbf017ce3ac85e09bbc5dda06/out/vs/workbench/api/node/extensionHostProcess.js:114:9175)
	at n.terminate (/home/gregoriofranco/.vscode-server/bin/695af097c7bd098fbf017ce3ac85e09bbc5dda06/out/vs/workbench/api/node/extensionHostProcess.js:114:9445)
	at h.terminate (/home/gregoriofranco/.vscode-server/bin/695af097c7bd098fbf017ce3ac85e09bbc5dda06/out/vs/workbench/api/node/extensionHostProcess.js:118:1544)
	at p (/home/gregoriofranco/.vscode-server/bin/695af097c7bd098fbf017ce3ac85e09bbc5dda06/out/vs/workbench/api/node/extensionHostProcess.js:128:34497)
	at /home/gregoriofranco/.vscode-server/bin/695af097c7bd098fbf017ce3ac85e09bbc5dda06/out/vs/workbench/api/node/extensionHostProcess.js:128:32407
	at b.invoke (/home/gregoriofranco/.vscode-server/bin/695af097c7bd098fbf017ce3ac85e09bbc5dda06/out/vs/workbench/api/node/extensionHostProcess.js:63:145)
	at deliver (/home/gregoriofranco/.vscode-server/bin/695af097c7bd098fbf017ce3ac85e09bbc5dda06/out/vs/workbench/api/node/extensionHostProcess.js:63:2121)
	at n.fire (/home/gregoriofranco/.vscode-server/bin/695af097c7bd098fbf017ce3ac85e09bbc5dda06/out/vs/workbench/api/node/extensionHostProcess.js:63:1729)
	at p.fire (/home/gregoriofranco/.vscode-server/bin/695af097c7bd098fbf017ce3ac85e09bbc5dda06/out/vs/workbench/api/node/extensionHostProcess.js:73:14783)
	at D.E (/home/gregoriofranco/.vscode-server/bin/695af097c7bd098fbf017ce3ac85e09bbc5dda06/out/vs/workbench/api/node/extensionHostProcess.js:73:18830)
	at /home/gregoriofranco/.vscode-server/bin/695af097c7bd098fbf017ce3ac85e09bbc5dda06/out/vs/workbench/api/node/extensionHostProcess.js:73:16818
	at b.invoke (/home/gregoriofranco/.vscode-server/bin/695af097c7bd098fbf017ce3ac85e09bbc5dda06/out/vs/workbench/api/node/extensionHostProcess.js:63:145)
	at deliver (/home/gregoriofranco/.vscode-server/bin/695af097c7bd098fbf017ce3ac85e09bbc5dda06/out/vs/workbench/api/node/extensionHostProcess.js:63:2121)
	at n.fire (/home/gregoriofranco/.vscode-server/bin/695af097c7bd098fbf017ce3ac85e09bbc5dda06/out/vs/workbench/api/node/extensionHostProcess.js:63:1729)
	at h.acceptChunk (/home/gregoriofranco/.vscode-server/bin/695af097c7bd098fbf017ce3ac85e09bbc5dda06/out/vs/workbench/api/node/extensionHostProcess.js:73:12514)
	at /home/gregoriofranco/.vscode-server/bin/695af097c7bd098fbf017ce3ac85e09bbc5dda06/out/vs/workbench/api/node/extensionHostProcess.js:73:11801
	at b.invoke (/home/gregoriofranco/.vscode-server/bin/695af097c7bd098fbf017ce3ac85e09bbc5dda06/out/vs/workbench/api/node/extensionHostProcess.js:63:145)
	at deliver (/home/gregoriofranco/.vscode-server/bin/695af097c7bd098fbf017ce3ac85e09bbc5dda06/out/vs/workbench/api/node/extensionHostProcess.js:63:2121)
	at n.fire (/home/gregoriofranco/.vscode-server/bin/695af097c7bd098fbf017ce3ac85e09bbc5dda06/out/vs/workbench/api/node/extensionHostProcess.js:63:1729)
	at E.u (/home/gregoriofranco/.vscode-server/bin/695af097c7bd098fbf017ce3ac85e09bbc5dda06/out/vs/workbench/api/node/extensionHostProcess.js:128:20037)
	at E.acceptFrame (/home/gregoriofranco/.vscode-server/bin/695af097c7bd098fbf017ce3ac85e09bbc5dda06/out/vs/workbench/api/node/extensionHostProcess.js:128:19843)
	at d.l (/home/gregoriofranco/.vscode-server/bin/695af097c7bd098fbf017ce3ac85e09bbc5dda06/out/vs/workbench/api/node/extensionHostProcess.js:128:18436)
	at /home/gregoriofranco/.vscode-server/bin/695af097c7bd098fbf017ce3ac85e09bbc5dda06/out/vs/workbench/api/node/extensionHostProcess.js:128:15773
	at Socket.i (/home/gregoriofranco/.vscode-server/bin/695af097c7bd098fbf017ce3ac85e09bbc5dda06/out/vs/workbench/api/node/extensionHostProcess.js:128:13607)
	at Socket.emit (node:events:513:28)
	at addChunk (node:internal/streams/readable:315:12)
	at readableAddChunk (node:internal/streams/readable:289:9)
	at Socket.Readable.push (node:internal/streams/readable:228:10)
	at TCP.onStreamRead (node:internal/stream_base_commons:190:23) setContext undefined
2023-06-28 00:32:49.483 [error] Canceled: Canceled
	at new l (/home/gregoriofranco/.vscode-server/bin/695af097c7bd098fbf017ce3ac85e09bbc5dda06/out/vs/workbench/api/node/extensionHostProcess.js:100:105905)
	at s.O (/home/gregoriofranco/.vscode-server/bin/695af097c7bd098fbf017ce3ac85e09bbc5dda06/out/vs/workbench/api/node/extensionHostProcess.js:112:11754)
	at Proxy.z.<computed>.H.charCodeAt.z.<computed> (/home/gregoriofranco/.vscode-server/bin/695af097c7bd098fbf017ce3ac85e09bbc5dda06/out/vs/workbench/api/node/extensionHostProcess.js:112:9029)
	at e.ExtHostCommands.g (/home/gregoriofranco/.vscode-server/bin/695af097c7bd098fbf017ce3ac85e09bbc5dda06/out/vs/workbench/api/node/extensionHostProcess.js:100:130078)
	at e.ExtHostCommands.executeCommand (/home/gregoriofranco/.vscode-server/bin/695af097c7bd098fbf017ce3ac85e09bbc5dda06/out/vs/workbench/api/node/extensionHostProcess.js:100:129454)
	at k.registerCommand.description (/home/gregoriofranco/.vscode-server/bin/695af097c7bd098fbf017ce3ac85e09bbc5dda06/out/vs/workbench/api/node/extensionHostProcess.js:100:128747)
	at e.ExtHostCommands.h (/home/gregoriofranco/.vscode-server/bin/695af097c7bd098fbf017ce3ac85e09bbc5dda06/out/vs/workbench/api/node/extensionHostProcess.js:100:130664)
	at e.ExtHostCommands.g (/home/gregoriofranco/.vscode-server/bin/695af097c7bd098fbf017ce3ac85e09bbc5dda06/out/vs/workbench/api/node/extensionHostProcess.js:100:129554)
	at e.ExtHostCommands.executeCommand (/home/gregoriofranco/.vscode-server/bin/695af097c7bd098fbf017ce3ac85e09bbc5dda06/out/vs/workbench/api/node/extensionHostProcess.js:100:129454)
	at Object.executeCommand (/home/gregoriofranco/.vscode-server/bin/695af097c7bd098fbf017ce3ac85e09bbc5dda06/out/vs/workbench/api/node/extensionHostProcess.js:118:24230)
	at D (/home/gregoriofranco/.vscode-server/bin/695af097c7bd098fbf017ce3ac85e09bbc5dda06/extensions/git/dist/main.js:2:1261288)
	at b.invoke (/home/gregoriofranco/.vscode-server/bin/695af097c7bd098fbf017ce3ac85e09bbc5dda06/out/vs/workbench/api/node/extensionHostProcess.js:63:145)
	at deliver (/home/gregoriofranco/.vscode-server/bin/695af097c7bd098fbf017ce3ac85e09bbc5dda06/out/vs/workbench/api/node/extensionHostProcess.js:63:2121)
	at n.fire (/home/gregoriofranco/.vscode-server/bin/695af097c7bd098fbf017ce3ac85e09bbc5dda06/out/vs/workbench/api/node/extensionHostProcess.js:63:1729)
	at Object.m [as dispose] (/home/gregoriofranco/.vscode-server/bin/695af097c7bd098fbf017ce3ac85e09bbc5dda06/extensions/git/dist/main.js:2:1276121)
	at /home/gregoriofranco/.vscode-server/bin/695af097c7bd098fbf017ce3ac85e09bbc5dda06/extensions/git/dist/main.js:2:1280622
	at Array.forEach (<anonymous>)
	at g.dispose (/home/gregoriofranco/.vscode-server/bin/695af097c7bd098fbf017ce3ac85e09bbc5dda06/extensions/git/dist/main.js:2:1280608)
	at r.<anonymous> (/home/gregoriofranco/.vscode-server/bin/695af097c7bd098fbf017ce3ac85e09bbc5dda06/out/vs/workbench/api/node/extensionHostProcess.js:98:12552)
	at r.dispose (/home/gregoriofranco/.vscode-server/bin/695af097c7bd098fbf017ce3ac85e09bbc5dda06/out/vs/workbench/api/node/extensionHostProcess.js:98:12687)
	at r.<anonymous> (/home/gregoriofranco/.vscode-server/bin/695af097c7bd098fbf017ce3ac85e09bbc5dda06/extensions/git/dist/main.js:2:1263418)
	at r.dispose (/home/gregoriofranco/.vscode-server/bin/695af097c7bd098fbf017ce3ac85e09bbc5dda06/out/vs/workbench/api/node/extensionHostProcess.js:98:12687)
	at I (/home/gregoriofranco/.vscode-server/bin/695af097c7bd098fbf017ce3ac85e09bbc5dda06/out/vs/workbench/api/node/extensionHostProcess.js:10:12083)
	at n.Z (/home/gregoriofranco/.vscode-server/bin/695af097c7bd098fbf017ce3ac85e09bbc5dda06/out/vs/workbench/api/node/extensionHostProcess.js:114:11285)
	at /home/gregoriofranco/.vscode-server/bin/695af097c7bd098fbf017ce3ac85e09bbc5dda06/out/vs/workbench/api/node/extensionHostProcess.js:114:9187
	at Array.map (<anonymous>)
	at n.S (/home/gregoriofranco/.vscode-server/bin/695af097c7bd098fbf017ce3ac85e09bbc5dda06/out/vs/workbench/api/node/extensionHostProcess.js:114:9175)
	at n.terminate (/home/gregoriofranco/.vscode-server/bin/695af097c7bd098fbf017ce3ac85e09bbc5dda06/out/vs/workbench/api/node/extensionHostProcess.js:114:9445)
	at h.terminate (/home/gregoriofranco/.vscode-server/bin/695af097c7bd098fbf017ce3ac85e09bbc5dda06/out/vs/workbench/api/node/extensionHostProcess.js:118:1544)
	at p (/home/gregoriofranco/.vscode-server/bin/695af097c7bd098fbf017ce3ac85e09bbc5dda06/out/vs/workbench/api/node/extensionHostProcess.js:128:34497)
	at /home/gregoriofranco/.vscode-server/bin/695af097c7bd098fbf017ce3ac85e09bbc5dda06/out/vs/workbench/api/node/extensionHostProcess.js:128:32407
	at b.invoke (/home/gregoriofranco/.vscode-server/bin/695af097c7bd098fbf017ce3ac85e09bbc5dda06/out/vs/workbench/api/node/extensionHostProcess.js:63:145)
	at deliver (/home/gregoriofranco/.vscode-server/bin/695af097c7bd098fbf017ce3ac85e09bbc5dda06/out/vs/workbench/api/node/extensionHostProcess.js:63:2121)
	at n.fire (/home/gregoriofranco/.vscode-server/bin/695af097c7bd098fbf017ce3ac85e09bbc5dda06/out/vs/workbench/api/node/extensionHostProcess.js:63:1729)
	at p.fire (/home/gregoriofranco/.vscode-server/bin/695af097c7bd098fbf017ce3ac85e09bbc5dda06/out/vs/workbench/api/node/extensionHostProcess.js:73:14783)
	at D.E (/home/gregoriofranco/.vscode-server/bin/695af097c7bd098fbf017ce3ac85e09bbc5dda06/out/vs/workbench/api/node/extensionHostProcess.js:73:18830)
	at /home/gregoriofranco/.vscode-server/bin/695af097c7bd098fbf017ce3ac85e09bbc5dda06/out/vs/workbench/api/node/extensionHostProcess.js:73:16818
	at b.invoke (/home/gregoriofranco/.vscode-server/bin/695af097c7bd098fbf017ce3ac85e09bbc5dda06/out/vs/workbench/api/node/extensionHostProcess.js:63:145)
	at deliver (/home/gregoriofranco/.vscode-server/bin/695af097c7bd098fbf017ce3ac85e09bbc5dda06/out/vs/workbench/api/node/extensionHostProcess.js:63:2121)
	at n.fire (/home/gregoriofranco/.vscode-server/bin/695af097c7bd098fbf017ce3ac85e09bbc5dda06/out/vs/workbench/api/node/extensionHostProcess.js:63:1729)
	at h.acceptChunk (/home/gregoriofranco/.vscode-server/bin/695af097c7bd098fbf017ce3ac85e09bbc5dda06/out/vs/workbench/api/node/extensionHostProcess.js:73:12514)
	at /home/gregoriofranco/.vscode-server/bin/695af097c7bd098fbf017ce3ac85e09bbc5dda06/out/vs/workbench/api/node/extensionHostProcess.js:73:11801
	at b.invoke (/home/gregoriofranco/.vscode-server/bin/695af097c7bd098fbf017ce3ac85e09bbc5dda06/out/vs/workbench/api/node/extensionHostProcess.js:63:145)
	at deliver (/home/gregoriofranco/.vscode-server/bin/695af097c7bd098fbf017ce3ac85e09bbc5dda06/out/vs/workbench/api/node/extensionHostProcess.js:63:2121)
	at n.fire (/home/gregoriofranco/.vscode-server/bin/695af097c7bd098fbf017ce3ac85e09bbc5dda06/out/vs/workbench/api/node/extensionHostProcess.js:63:1729)
	at E.u (/home/gregoriofranco/.vscode-server/bin/695af097c7bd098fbf017ce3ac85e09bbc5dda06/out/vs/workbench/api/node/extensionHostProcess.js:128:20037)
	at E.acceptFrame (/home/gregoriofranco/.vscode-server/bin/695af097c7bd098fbf017ce3ac85e09bbc5dda06/out/vs/workbench/api/node/extensionHostProcess.js:128:19843)
	at d.l (/home/gregoriofranco/.vscode-server/bin/695af097c7bd098fbf017ce3ac85e09bbc5dda06/out/vs/workbench/api/node/extensionHostProcess.js:128:18436)
	at /home/gregoriofranco/.vscode-server/bin/695af097c7bd098fbf017ce3ac85e09bbc5dda06/out/vs/workbench/api/node/extensionHostProcess.js:128:15773
	at Socket.i (/home/gregoriofranco/.vscode-server/bin/695af097c7bd098fbf017ce3ac85e09bbc5dda06/out/vs/workbench/api/node/extensionHostProcess.js:128:13607)
	at Socket.emit (node:events:513:28)
	at addChunk (node:internal/streams/readable:315:12)
	at readableAddChunk (node:internal/streams/readable:289:9)
	at Socket.Readable.push (node:internal/streams/readable:228:10)
	at TCP.onStreamRead (node:internal/stream_base_commons:190:23) setContext undefined
2023-06-28 00:32:49.483 [error] Canceled: Canceled
	at new l (/home/gregoriofranco/.vscode-server/bin/695af097c7bd098fbf017ce3ac85e09bbc5dda06/out/vs/workbench/api/node/extensionHostProcess.js:100:105905)
	at s.O (/home/gregoriofranco/.vscode-server/bin/695af097c7bd098fbf017ce3ac85e09bbc5dda06/out/vs/workbench/api/node/extensionHostProcess.js:112:11754)
	at Proxy.z.<computed>.H.charCodeAt.z.<computed> (/home/gregoriofranco/.vscode-server/bin/695af097c7bd098fbf017ce3ac85e09bbc5dda06/out/vs/workbench/api/node/extensionHostProcess.js:112:9029)
	at e.ExtHostCommands.g (/home/gregoriofranco/.vscode-server/bin/695af097c7bd098fbf017ce3ac85e09bbc5dda06/out/vs/workbench/api/node/extensionHostProcess.js:100:130078)
	at e.ExtHostCommands.executeCommand (/home/gregoriofranco/.vscode-server/bin/695af097c7bd098fbf017ce3ac85e09bbc5dda06/out/vs/workbench/api/node/extensionHostProcess.js:100:129454)
	at k.registerCommand.description (/home/gregoriofranco/.vscode-server/bin/695af097c7bd098fbf017ce3ac85e09bbc5dda06/out/vs/workbench/api/node/extensionHostProcess.js:100:128747)
	at e.ExtHostCommands.h (/home/gregoriofranco/.vscode-server/bin/695af097c7bd098fbf017ce3ac85e09bbc5dda06/out/vs/workbench/api/node/extensionHostProcess.js:100:130664)
	at e.ExtHostCommands.g (/home/gregoriofranco/.vscode-server/bin/695af097c7bd098fbf017ce3ac85e09bbc5dda06/out/vs/workbench/api/node/extensionHostProcess.js:100:129554)
	at e.ExtHostCommands.executeCommand (/home/gregoriofranco/.vscode-server/bin/695af097c7bd098fbf017ce3ac85e09bbc5dda06/out/vs/workbench/api/node/extensionHostProcess.js:100:129454)
	at Object.executeCommand (/home/gregoriofranco/.vscode-server/bin/695af097c7bd098fbf017ce3ac85e09bbc5dda06/out/vs/workbench/api/node/extensionHostProcess.js:118:24230)
	at p.VscodeDevShareProvider.set b [as b] (/home/gregoriofranco/.vscode-server/bin/695af097c7bd098fbf017ce3ac85e09bbc5dda06/extensions/github/dist/extension.js:2:152873)
	at /home/gregoriofranco/.vscode-server/bin/695af097c7bd098fbf017ce3ac85e09bbc5dda06/extensions/github/dist/extension.js:2:153583
	at /home/gregoriofranco/.vscode-server/bin/695af097c7bd098fbf017ce3ac85e09bbc5dda06/extensions/git/dist/main.js:2:1348881
	at b.invoke (/home/gregoriofranco/.vscode-server/bin/695af097c7bd098fbf017ce3ac85e09bbc5dda06/out/vs/workbench/api/node/extensionHostProcess.js:63:145)
	at deliver (/home/gregoriofranco/.vscode-server/bin/695af097c7bd098fbf017ce3ac85e09bbc5dda06/out/vs/workbench/api/node/extensionHostProcess.js:63:2121)
	at n.fire (/home/gregoriofranco/.vscode-server/bin/695af097c7bd098fbf017ce3ac85e09bbc5dda06/out/vs/workbench/api/node/extensionHostProcess.js:63:1729)
	at Object.m [as dispose] (/home/gregoriofranco/.vscode-server/bin/695af097c7bd098fbf017ce3ac85e09bbc5dda06/extensions/git/dist/main.js:2:1276121)
	at /home/gregoriofranco/.vscode-server/bin/695af097c7bd098fbf017ce3ac85e09bbc5dda06/extensions/git/dist/main.js:2:1280622
	at Array.forEach (<anonymous>)
	at g.dispose (/home/gregoriofranco/.vscode-server/bin/695af097c7bd098fbf017ce3ac85e09bbc5dda06/extensions/git/dist/main.js:2:1280608)
	at r.<anonymous> (/home/gregoriofranco/.vscode-server/bin/695af097c7bd098fbf017ce3ac85e09bbc5dda06/out/vs/workbench/api/node/extensionHostProcess.js:98:12552)
	at r.dispose (/home/gregoriofranco/.vscode-server/bin/695af097c7bd098fbf017ce3ac85e09bbc5dda06/out/vs/workbench/api/node/extensionHostProcess.js:98:12687)
	at r.<anonymous> (/home/gregoriofranco/.vscode-server/bin/695af097c7bd098fbf017ce3ac85e09bbc5dda06/extensions/git/dist/main.js:2:1263418)
	at r.dispose (/home/gregoriofranco/.vscode-server/bin/695af097c7bd098fbf017ce3ac85e09bbc5dda06/out/vs/workbench/api/node/extensionHostProcess.js:98:12687)
	at I (/home/gregoriofranco/.vscode-server/bin/695af097c7bd098fbf017ce3ac85e09bbc5dda06/out/vs/workbench/api/node/extensionHostProcess.js:10:12083)
	at n.Z (/home/gregoriofranco/.vscode-server/bin/695af097c7bd098fbf017ce3ac85e09bbc5dda06/out/vs/workbench/api/node/extensionHostProcess.js:114:11285)
	at /home/gregoriofranco/.vscode-server/bin/695af097c7bd098fbf017ce3ac85e09bbc5dda06/out/vs/workbench/api/node/extensionHostProcess.js:114:9187
	at Array.map (<anonymous>)
	at n.S (/home/gregoriofranco/.vscode-server/bin/695af097c7bd098fbf017ce3ac85e09bbc5dda06/out/vs/workbench/api/node/extensionHostProcess.js:114:9175)
	at n.terminate (/home/gregoriofranco/.vscode-server/bin/695af097c7bd098fbf017ce3ac85e09bbc5dda06/out/vs/workbench/api/node/extensionHostProcess.js:114:9445)
	at h.terminate (/home/gregoriofranco/.vscode-server/bin/695af097c7bd098fbf017ce3ac85e09bbc5dda06/out/vs/workbench/api/node/extensionHostProcess.js:118:1544)
	at p (/home/gregoriofranco/.vscode-server/bin/695af097c7bd098fbf017ce3ac85e09bbc5dda06/out/vs/workbench/api/node/extensionHostProcess.js:128:34497)
	at /home/gregoriofranco/.vscode-server/bin/695af097c7bd098fbf017ce3ac85e09bbc5dda06/out/vs/workbench/api/node/extensionHostProcess.js:128:32407
	at b.invoke (/home/gregoriofranco/.vscode-server/bin/695af097c7bd098fbf017ce3ac85e09bbc5dda06/out/vs/workbench/api/node/extensionHostProcess.js:63:145)
	at deliver (/home/gregoriofranco/.vscode-server/bin/695af097c7bd098fbf017ce3ac85e09bbc5dda06/out/vs/workbench/api/node/extensionHostProcess.js:63:2121)
	at n.fire (/home/gregoriofranco/.vscode-server/bin/695af097c7bd098fbf017ce3ac85e09bbc5dda06/out/vs/workbench/api/node/extensionHostProcess.js:63:1729)
	at p.fire (/home/gregoriofranco/.vscode-server/bin/695af097c7bd098fbf017ce3ac85e09bbc5dda06/out/vs/workbench/api/node/extensionHostProcess.js:73:14783)
	at D.E (/home/gregoriofranco/.vscode-server/bin/695af097c7bd098fbf017ce3ac85e09bbc5dda06/out/vs/workbench/api/node/extensionHostProcess.js:73:18830)
	at /home/gregoriofranco/.vscode-server/bin/695af097c7bd098fbf017ce3ac85e09bbc5dda06/out/vs/workbench/api/node/extensionHostProcess.js:73:16818
	at b.invoke (/home/gregoriofranco/.vscode-server/bin/695af097c7bd098fbf017ce3ac85e09bbc5dda06/out/vs/workbench/api/node/extensionHostProcess.js:63:145)
	at deliver (/home/gregoriofranco/.vscode-server/bin/695af097c7bd098fbf017ce3ac85e09bbc5dda06/out/vs/workbench/api/node/extensionHostProcess.js:63:2121)
	at n.fire (/home/gregoriofranco/.vscode-server/bin/695af097c7bd098fbf017ce3ac85e09bbc5dda06/out/vs/workbench/api/node/extensionHostProcess.js:63:1729)
	at h.acceptChunk (/home/gregoriofranco/.vscode-server/bin/695af097c7bd098fbf017ce3ac85e09bbc5dda06/out/vs/workbench/api/node/extensionHostProcess.js:73:12514)
	at /home/gregoriofranco/.vscode-server/bin/695af097c7bd098fbf017ce3ac85e09bbc5dda06/out/vs/workbench/api/node/extensionHostProcess.js:73:11801
	at b.invoke (/home/gregoriofranco/.vscode-server/bin/695af097c7bd098fbf017ce3ac85e09bbc5dda06/out/vs/workbench/api/node/extensionHostProcess.js:63:145)
	at deliver (/home/gregoriofranco/.vscode-server/bin/695af097c7bd098fbf017ce3ac85e09bbc5dda06/out/vs/workbench/api/node/extensionHostProcess.js:63:2121)
	at n.fire (/home/gregoriofranco/.vscode-server/bin/695af097c7bd098fbf017ce3ac85e09bbc5dda06/out/vs/workbench/api/node/extensionHostProcess.js:63:1729)
	at E.u (/home/gregoriofranco/.vscode-server/bin/695af097c7bd098fbf017ce3ac85e09bbc5dda06/out/vs/workbench/api/node/extensionHostProcess.js:128:20037)
	at E.acceptFrame (/home/gregoriofranco/.vscode-server/bin/695af097c7bd098fbf017ce3ac85e09bbc5dda06/out/vs/workbench/api/node/extensionHostProcess.js:128:19843)
	at d.l (/home/gregoriofranco/.vscode-server/bin/695af097c7bd098fbf017ce3ac85e09bbc5dda06/out/vs/workbench/api/node/extensionHostProcess.js:128:18436)
	at /home/gregoriofranco/.vscode-server/bin/695af097c7bd098fbf017ce3ac85e09bbc5dda06/out/vs/workbench/api/node/extensionHostProcess.js:128:15773
	at Socket.i (/home/gregoriofranco/.vscode-server/bin/695af097c7bd098fbf017ce3ac85e09bbc5dda06/out/vs/workbench/api/node/extensionHostProcess.js:128:13607)
	at Socket.emit (node:events:513:28)
	at addChunk (node:internal/streams/readable:315:12)
	at readableAddChunk (node:internal/streams/readable:289:9)
	at Socket.Readable.push (node:internal/streams/readable:228:10)
	at TCP.onStreamRead (node:internal/stream_base_commons:190:23) setContext undefined
2023-06-28 00:32:49.483 [info] Extension host with pid 4028 exiting with code 0
