2023-07-20 12:35:05.281 [info] Log level: Info
2023-07-20 12:35:05.281 [info] Validating found git in: "git"
2023-07-20 12:35:05.281 [info] Using git "2.34.1" from "git"
2023-07-20 12:35:05.281 [info] > git rev-parse --show-toplevel [129ms]
2023-07-20 12:35:05.281 [info] > git rev-parse --git-dir --git-common-dir [69ms]
2023-07-20 12:35:05.281 [info] Open repository: /home/gregoriofranco/aa-github-stuff/SWEO-Part-Time-Resources
2023-07-20 12:35:05.301 [info] > git rev-parse --show-toplevel [21ms]
2023-07-20 12:35:05.307 [info] > git rev-parse --show-toplevel [4ms]
2023-07-20 12:35:05.314 [info] > git rev-parse --show-toplevel [3ms]
2023-07-20 12:35:05.322 [info] > git for-each-ref --format=%(refname)%00%(upstream:short)%00%(objectname)%00%(upstream:track)%00%(upstream:remotename)%00%(upstream:remoteref) refs/heads/2023-Jun refs/remotes/2023-Jun [2ms]
2023-07-20 12:35:05.330 [info] > git rev-parse --show-toplevel [12ms]
2023-07-20 12:35:05.334 [info] > git status -z -uall [5ms]
2023-07-20 12:35:05.334 [info] > git rev-parse --show-toplevel [1ms]
2023-07-20 12:35:05.437 [info] > git rev-parse --show-toplevel [90ms]
2023-07-20 12:35:05.440 [info] > git rev-parse --show-toplevel [1ms]
2023-07-20 12:35:05.447 [info] > git rev-parse --show-toplevel [4ms]
2023-07-20 12:35:05.461 [info] > git rev-parse --show-toplevel [2ms]
2023-07-20 12:35:05.463 [info] > git for-each-ref --format=%(refname)%00%(upstream:short)%00%(objectname)%00%(upstream:track)%00%(upstream:remotename)%00%(upstream:remoteref) refs/heads/2023-Jun refs/remotes/2023-Jun [17ms]
2023-07-20 12:35:05.478 [info] > git status -z -uall [11ms]
2023-07-20 12:35:05.940 [info] > git check-ignore -v -z --stdin [1ms]
2023-07-20 12:35:19.360 [info] > git for-each-ref --format=%(refname)%00%(upstream:short)%00%(objectname)%00%(upstream:track)%00%(upstream:remotename)%00%(upstream:remoteref) refs/heads/2023-Jun refs/remotes/2023-Jun [1ms]
2023-07-20 12:35:19.365 [info] > git status -z -uall [3ms]
2023-07-20 12:35:22.010 [info] > git show -s --format=%H%n%aN%n%aE%n%at%n%ct%n%P%n%D%n%B -z HEAD [2ms]
2023-07-20 12:35:22.011 [info] > git show -s --format=%H%n%aN%n%aE%n%at%n%ct%n%P%n%D%n%B -z MERGE_HEAD [2ms]
2023-07-20 12:35:22.069 [info] > git show --textconv :1:1-Module/3-week/2-day/scratch.js [13ms]
2023-07-20 12:35:22.069 [info] > git show --textconv f9f421edabcfda52cdeb2823048ebe951653ae22:1-Module/3-week/2-day/scratch.js [11ms]
2023-07-20 12:35:22.069 [info] > git show --textconv 470197b9c8c23fa76ff6218242a67bc826464f3a:1-Module/3-week/2-day/scratch.js [9ms]
2023-07-20 12:35:22.069 [info] > git ls-tree -l 470197b9c8c23fa76ff6218242a67bc826464f3a -- /home/gregoriofranco/aa-github-stuff/SWEO-Part-Time-Resources/1-Module/3-week/2-day/scratch.js [2ms]
2023-07-20 12:35:22.069 [info] > git ls-tree -l f9f421edabcfda52cdeb2823048ebe951653ae22 -- /home/gregoriofranco/aa-github-stuff/SWEO-Part-Time-Resources/1-Module/3-week/2-day/scratch.js [4ms]
2023-07-20 12:35:22.070 [info] > git ls-tree -l :1 -- /home/gregoriofranco/aa-github-stuff/SWEO-Part-Time-Resources/1-Module/3-week/2-day/scratch.js [7ms]
2023-07-20 12:35:22.070 [info] fatal: Not a valid object name :1
2023-07-20 12:35:24.371 [info] > git for-each-ref --format=%(refname)%00%(upstream:short)%00%(objectname)%00%(upstream:track)%00%(upstream:remotename)%00%(upstream:remoteref) refs/heads/2023-Jun refs/remotes/2023-Jun [1ms]
2023-07-20 12:35:24.376 [info] > git status -z -uall [3ms]
2023-07-20 12:35:29.382 [info] > git for-each-ref --format=%(refname)%00%(upstream:short)%00%(objectname)%00%(upstream:track)%00%(upstream:remotename)%00%(upstream:remoteref) refs/heads/2023-Jun refs/remotes/2023-Jun [1ms]
2023-07-20 12:35:29.386 [info] > git status -z -uall [2ms]
2023-07-20 12:35:40.484 [info] > git for-each-ref --format=%(refname)%00%(upstream:short)%00%(objectname)%00%(upstream:track)%00%(upstream:remotename)%00%(upstream:remoteref) refs/heads/2023-Jun refs/remotes/2023-Jun [1ms]
2023-07-20 12:35:40.488 [info] > git status -z -uall [2ms]
2023-07-20 12:35:56.502 [info] > git ls-tree -l 470197b9c8c23fa76ff6218242a67bc826464f3a -- /home/gregoriofranco/aa-github-stuff/SWEO-Part-Time-Resources/1-Module/3-week/2-day/scratch.js [3ms]
2023-07-20 12:35:56.502 [info] > git ls-tree -l f9f421edabcfda52cdeb2823048ebe951653ae22 -- /home/gregoriofranco/aa-github-stuff/SWEO-Part-Time-Resources/1-Module/3-week/2-day/scratch.js [5ms]
2023-07-20 12:35:56.519 [info] > git show --textconv 470197b9c8c23fa76ff6218242a67bc826464f3a:1-Module/3-week/2-day/scratch.js [3ms]
2023-07-20 12:35:56.519 [info] > git ls-tree -l f9f421edabcfda52cdeb2823048ebe951653ae22 -- /home/gregoriofranco/aa-github-stuff/SWEO-Part-Time-Resources/1-Module/3-week/2-day/scratch.js [9ms]
2023-07-20 12:35:56.520 [info] > git ls-tree -l :1 -- /home/gregoriofranco/aa-github-stuff/SWEO-Part-Time-Resources/1-Module/3-week/2-day/scratch.js [11ms]
2023-07-20 12:35:56.520 [info] fatal: Not a valid object name :1
2023-07-20 12:35:56.520 [info] > git for-each-ref --format=%(refname)%00%(upstream:short)%00%(objectname)%00%(upstream:track)%00%(upstream:remotename)%00%(upstream:remoteref) refs/heads/2023-Jun refs/remotes/2023-Jun [16ms]
2023-07-20 12:35:56.523 [info] > git show --textconv f9f421edabcfda52cdeb2823048ebe951653ae22:1-Module/3-week/2-day/scratch.js [5ms]
2023-07-20 12:35:56.524 [info] > git ls-tree -l 470197b9c8c23fa76ff6218242a67bc826464f3a -- /home/gregoriofranco/aa-github-stuff/SWEO-Part-Time-Resources/1-Module/3-week/2-day/scratch.js [11ms]
2023-07-20 12:35:56.533 [info] > git status -z -uall [11ms]
2023-07-20 12:35:56.534 [info] > git show --textconv f9f421edabcfda52cdeb2823048ebe951653ae22:1-Module/3-week/2-day/scratch.js [6ms]
2023-07-20 12:35:56.534 [info] > git show --textconv :1:1-Module/3-week/2-day/scratch.js [4ms]
2023-07-20 12:35:56.534 [info] > git show --textconv 470197b9c8c23fa76ff6218242a67bc826464f3a:1-Module/3-week/2-day/scratch.js [1ms]
2023-07-20 12:35:56.849 [info] > git show --textconv :1-Module/3-week/2-day/scratch.js [3ms]
2023-07-20 12:35:56.849 [info] > git ls-files --stage -- /home/gregoriofranco/aa-github-stuff/SWEO-Part-Time-Resources/1-Module/3-week/2-day/scratch.js [1ms]
2023-07-20 12:35:56.852 [info] > git cat-file -s 3ade3d376b3962d1c124377db4f59e4528108f4e [1ms]
2023-07-20 12:36:00.344 [info] > git ls-tree -l f9f421edabcfda52cdeb2823048ebe951653ae22 -- /home/gregoriofranco/aa-github-stuff/SWEO-Part-Time-Resources/1-Module/3-week/2-day/scratch.js [4ms]
2023-07-20 12:36:00.345 [info] > git ls-tree -l 470197b9c8c23fa76ff6218242a67bc826464f3a -- /home/gregoriofranco/aa-github-stuff/SWEO-Part-Time-Resources/1-Module/3-week/2-day/scratch.js [1ms]
2023-07-20 12:36:03.236 [info] > git ls-tree -l f9f421edabcfda52cdeb2823048ebe951653ae22 -- /home/gregoriofranco/aa-github-stuff/SWEO-Part-Time-Resources/1-Module/3-week/2-day/scratch.js [3ms]
2023-07-20 12:36:03.237 [info] > git ls-tree -l 470197b9c8c23fa76ff6218242a67bc826464f3a -- /home/gregoriofranco/aa-github-stuff/SWEO-Part-Time-Resources/1-Module/3-week/2-day/scratch.js [1ms]
2023-07-20 12:36:03.290 [info] > git add -A -- /home/gregoriofranco/aa-github-stuff/SWEO-Part-Time-Resources/1-Module/3-week/2-day/scratch.js [2ms]
2023-07-20 12:36:03.295 [info] > git for-each-ref --format=%(refname)%00%(upstream:short)%00%(objectname)%00%(upstream:track)%00%(upstream:remotename)%00%(upstream:remoteref) refs/heads/2023-Jun refs/remotes/2023-Jun [1ms]
2023-07-20 12:36:03.302 [info] > git status -z -uall [5ms]
2023-07-20 12:36:03.921 [info] > git check-ignore -v -z --stdin [0ms]
2023-07-20 12:36:10.111 [info] > git -c user.useConfigOnly=true commit --quiet --allow-empty-message --file - [5ms]
2023-07-20 12:36:10.114 [info] > git config --get commit.template [1ms]
2023-07-20 12:36:10.119 [info] > git config --get commit.template [2ms]
2023-07-20 12:36:10.120 [info] > git for-each-ref --format=%(refname)%00%(upstream:short)%00%(objectname)%00%(upstream:track)%00%(upstream:remotename)%00%(upstream:remoteref) refs/heads/2023-Jun refs/remotes/2023-Jun [1ms]
2023-07-20 12:36:10.125 [info] > git status -z -uall [3ms]
2023-07-20 12:36:10.236 [info] > git config --get commit.template [3ms]
2023-07-20 12:36:10.236 [info] > git for-each-ref --format=%(refname)%00%(upstream:short)%00%(objectname)%00%(upstream:track)%00%(upstream:remotename)%00%(upstream:remoteref) refs/heads/2023-Jun refs/remotes/2023-Jun [1ms]
2023-07-20 12:36:10.242 [info] > git status -z -uall [1ms]
2023-07-20 12:36:11.335 [info] > git ls-files --stage -- /home/gregoriofranco/aa-github-stuff/SWEO-Part-Time-Resources/1-Module/3-week/2-day/scratch.js [0ms]
2023-07-20 12:36:11.339 [info] > git cat-file -s 3ade3d376b3962d1c124377db4f59e4528108f4e [0ms]
2023-07-20 12:36:11.345 [info] > git show --textconv :1-Module/3-week/2-day/scratch.js [0ms]
2023-07-20 12:36:13.941 [info] > git config --get commit.template [3ms]
2023-07-20 12:36:13.941 [info] > git for-each-ref --format=%(refname)%00%(upstream:short)%00%(objectname)%00%(upstream:track)%00%(upstream:remotename)%00%(upstream:remoteref) refs/heads/2023-Jun refs/remotes/2023-Jun [1ms]
2023-07-20 12:36:13.946 [info] > git status -z -uall [3ms]
2023-07-20 12:36:13.955 [info] > git log --oneline --cherry 2023-Jun...2023-Jun@{upstream} -- [1ms]
2023-07-20 12:36:14.370 [info] > git pull --tags origin 2023-Jun [413ms]
2023-07-20 12:36:14.370 [info] From https://github.com/appacademy/SWEO-Part-Time-Resources
 * branch              2023-Jun   -> FETCH_HEAD
2023-07-20 12:36:15.607 [info] > git ls-files --stage -- /home/gregoriofranco/aa-github-stuff/SWEO-Part-Time-Resources/1-Module/3-week/2-day/scratch.js [1ms]
2023-07-20 12:36:15.610 [info] > git cat-file -s 3ade3d376b3962d1c124377db4f59e4528108f4e [0ms]
2023-07-20 12:36:15.617 [info] > git show --textconv :1-Module/3-week/2-day/scratch.js [1ms]
2023-07-20 12:36:15.835 [info] > git push origin 2023-Jun:2023-Jun [1463ms]
2023-07-20 12:36:15.835 [info] warning: git-credential-manager-core was renamed to git-credential-manager
warning: see https://aka.ms/gcm/rename for more information
remote: Permission to appacademy/SWEO-Part-Time-Resources.git denied to GregorioFranc0.
fatal: unable to access 'https://github.com/appacademy/SWEO-Part-Time-Resources/': The requested URL returned error: 403
2023-07-20 12:36:18.627 [info] > git config --get commit.template [3ms]
2023-07-20 12:36:18.628 [info] > git for-each-ref --format=%(refname)%00%(upstream:short)%00%(objectname)%00%(upstream:track)%00%(upstream:remotename)%00%(upstream:remoteref) refs/heads/2023-Jun refs/remotes/2023-Jun [1ms]
2023-07-20 12:36:18.633 [info] > git status -z -uall [3ms]
2023-07-20 12:37:03.306 [info] > git config --get commit.template [3ms]
2023-07-20 12:37:03.307 [info] > git for-each-ref --format=%(refname)%00%(upstream:short)%00%(objectname)%00%(upstream:track)%00%(upstream:remotename)%00%(upstream:remoteref) refs/heads/2023-Jun refs/remotes/2023-Jun [1ms]
2023-07-20 12:37:03.312 [info] > git status -z -uall [2ms]
2023-07-20 12:37:03.317 [info] > git ls-files --stage -- /home/gregoriofranco/aa-github-stuff/SWEO-Part-Time-Resources/1-Module/3-week/2-day/scratch.js [0ms]
2023-07-20 12:37:03.320 [info] > git cat-file -s 3ade3d376b3962d1c124377db4f59e4528108f4e [1ms]
2023-07-20 12:37:03.326 [info] > git show --textconv :1-Module/3-week/2-day/scratch.js [0ms]
