2023-07-19 00:38:42.189 [info] Log level: Info
2023-07-19 00:38:42.189 [info] Validating found git in: "git"
2023-07-19 00:38:42.189 [info] Using git "2.34.1" from "git"
2023-07-19 00:38:42.189 [info] > git rev-parse --show-toplevel [41ms]
2023-07-19 00:38:42.189 [info] > git rev-parse --git-dir --git-common-dir [1ms]
2023-07-19 00:38:42.189 [info] Open repository: /home/gregoriofranco/aa-github-stuff/SWEO-Part-Time-Resources
2023-07-19 00:38:42.189 [info] > git rev-parse --show-toplevel [24ms]
2023-07-19 00:38:42.189 [info] > git config --get commit.template [26ms]
2023-07-19 00:38:42.189 [info] > git rev-parse --show-toplevel [8ms]
2023-07-19 00:38:42.192 [info] > git rev-parse --show-toplevel [3ms]
2023-07-19 00:38:42.195 [info] > git for-each-ref --format=%(refname)%00%(upstream:short)%00%(objectname)%00%(upstream:track)%00%(upstream:remotename)%00%(upstream:remoteref) refs/heads/2023-Jun refs/remotes/2023-Jun [4ms]
2023-07-19 00:38:42.200 [info] > git rev-parse --show-toplevel [5ms]
2023-07-19 00:38:42.203 [info] > git rev-parse --show-toplevel [1ms]
2023-07-19 00:38:42.206 [info] > git rev-parse --show-toplevel [1ms]
2023-07-19 00:38:42.209 [info] > git rev-parse --show-toplevel [1ms]
2023-07-19 00:38:42.212 [info] > git rev-parse --show-toplevel [1ms]
2023-07-19 00:38:42.223 [info] > git status -z -uall [24ms]
2023-07-19 00:38:42.231 [info] > git config --get commit.template [1ms]
2023-07-19 00:38:42.234 [info] > git for-each-ref --format=%(refname)%00%(upstream:short)%00%(objectname)%00%(upstream:track)%00%(upstream:remotename)%00%(upstream:remoteref) refs/heads/2023-Jun refs/remotes/2023-Jun [1ms]
2023-07-19 00:38:42.256 [info] > git status -z -uall [19ms]
2023-07-19 00:38:42.663 [info] > git check-ignore -v -z --stdin [1ms]
2023-07-19 00:39:13.054 [info] > git check-ignore -v -z --stdin [1ms]
2023-07-19 00:39:15.768 [info] > git check-ignore -v -z --stdin [0ms]
2023-07-19 00:39:16.636 [info] > git check-ignore -v -z --stdin [0ms]
2023-07-19 00:39:26.150 [info] > git check-ignore -v -z --stdin [1ms]
2023-07-19 00:39:27.030 [info] > git check-ignore -v -z --stdin [0ms]
2023-07-19 00:39:28.140 [info] > git check-ignore -v -z --stdin [1ms]
2023-07-19 00:39:29.094 [info] > git show --textconv :1-Module/3-week/2-day/scratch.js [3ms]
2023-07-19 00:39:29.095 [info] > git ls-files --stage -- /home/gregoriofranco/aa-github-stuff/SWEO-Part-Time-Resources/1-Module/3-week/2-day/scratch.js [1ms]
2023-07-19 00:39:29.097 [info] > git cat-file -s 8d63ee7396f8379c8695862cec94eb5abbf98fab [0ms]
2023-07-19 00:42:26.031 [info] > git config --get commit.template [1ms]
2023-07-19 00:42:26.036 [info] > git for-each-ref --format=%(refname)%00%(upstream:short)%00%(objectname)%00%(upstream:track)%00%(upstream:remotename)%00%(upstream:remoteref) refs/heads/2023-Jun refs/remotes/2023-Jun [3ms]
2023-07-19 00:42:26.039 [info] > git ls-files --stage -- /home/gregoriofranco/aa-github-stuff/SWEO-Part-Time-Resources/1-Module/3-week/2-day/scratch.js [4ms]
2023-07-19 00:42:26.042 [info] > git cat-file -s 8d63ee7396f8379c8695862cec94eb5abbf98fab [0ms]
2023-07-19 00:42:26.049 [info] > git show --textconv :1-Module/3-week/2-day/scratch.js [1ms]
2023-07-19 00:42:26.055 [info] > git status -z -uall [17ms]
2023-07-19 00:42:26.335 [info] > git show --textconv :1-Module/3-week/2-day/objMethodsAaOpen.js [3ms]
2023-07-19 00:42:26.336 [info] > git ls-files --stage -- /home/gregoriofranco/aa-github-stuff/SWEO-Part-Time-Resources/1-Module/3-week/2-day/objMethodsAaOpen.js [2ms]
2023-07-19 00:42:26.339 [info] > git cat-file -s 9e21a631193e81288facc953b9f763bf428da98a [1ms]
2023-07-19 00:42:28.498 [info] > git show --textconv :1-Module/3-week/2-day/scratch.js [3ms]
2023-07-19 00:42:28.498 [info] > git ls-files --stage -- /home/gregoriofranco/aa-github-stuff/SWEO-Part-Time-Resources/1-Module/3-week/2-day/scratch.js [1ms]
2023-07-19 00:42:28.501 [info] > git cat-file -s 8d63ee7396f8379c8695862cec94eb5abbf98fab [1ms]
2023-07-19 00:45:57.076 [info] > git show --textconv :1-Module/3-week/2-day/scratch.js [3ms]
2023-07-19 00:45:57.076 [info] > git ls-files --stage -- /home/gregoriofranco/aa-github-stuff/SWEO-Part-Time-Resources/1-Module/3-week/2-day/scratch.js [0ms]
2023-07-19 00:45:57.080 [info] > git cat-file -s 8d63ee7396f8379c8695862cec94eb5abbf98fab [1ms]
2023-07-19 00:47:26.833 [info] > git config --get commit.template [3ms]
2023-07-19 00:47:26.833 [info] > git for-each-ref --format=%(refname)%00%(upstream:short)%00%(objectname)%00%(upstream:track)%00%(upstream:remotename)%00%(upstream:remoteref) refs/heads/2023-Jun refs/remotes/2023-Jun [0ms]
2023-07-19 00:47:26.852 [info] > git status -z -uall [16ms]
2023-07-19 00:48:54.387 [info] > git config --get commit.template [0ms]
2023-07-19 00:48:54.390 [info] > git for-each-ref --format=%(refname)%00%(upstream:short)%00%(objectname)%00%(upstream:track)%00%(upstream:remotename)%00%(upstream:remoteref) refs/heads/2023-Jun refs/remotes/2023-Jun [1ms]
2023-07-19 00:48:54.408 [info] > git status -z -uall [16ms]
2023-07-19 00:52:16.285 [info] > git config --get commit.template [2ms]
2023-07-19 00:52:16.286 [info] > git for-each-ref --format=%(refname)%00%(upstream:short)%00%(objectname)%00%(upstream:track)%00%(upstream:remotename)%00%(upstream:remoteref) refs/heads/2023-Jun refs/remotes/2023-Jun [1ms]
2023-07-19 00:52:16.306 [info] > git status -z -uall [17ms]
2023-07-19 00:52:24.041 [info] > git config --get commit.template [1ms]
2023-07-19 00:52:24.044 [info] > git for-each-ref --format=%(refname)%00%(upstream:short)%00%(objectname)%00%(upstream:track)%00%(upstream:remotename)%00%(upstream:remoteref) refs/heads/2023-Jun refs/remotes/2023-Jun [1ms]
2023-07-19 00:52:24.062 [info] > git status -z -uall [16ms]
2023-07-19 00:58:55.945 [info] > git config --get commit.template [0ms]
2023-07-19 00:58:55.948 [info] > git for-each-ref --format=%(refname)%00%(upstream:short)%00%(objectname)%00%(upstream:track)%00%(upstream:remotename)%00%(upstream:remoteref) refs/heads/2023-Jun refs/remotes/2023-Jun [1ms]
2023-07-19 00:58:55.966 [info] > git status -z -uall [16ms]
2023-07-19 00:59:00.972 [info] > git config --get commit.template [0ms]
2023-07-19 00:59:00.975 [info] > git for-each-ref --format=%(refname)%00%(upstream:short)%00%(objectname)%00%(upstream:track)%00%(upstream:remotename)%00%(upstream:remoteref) refs/heads/2023-Jun refs/remotes/2023-Jun [1ms]
2023-07-19 00:59:00.994 [info] > git status -z -uall [16ms]
2023-07-19 00:59:28.844 [info] > git config --get commit.template [0ms]
2023-07-19 00:59:28.846 [info] > git for-each-ref --format=%(refname)%00%(upstream:short)%00%(objectname)%00%(upstream:track)%00%(upstream:remotename)%00%(upstream:remoteref) refs/heads/2023-Jun refs/remotes/2023-Jun [0ms]
2023-07-19 00:59:28.865 [info] > git status -z -uall [16ms]
2023-07-19 01:00:17.909 [info] > git config --get commit.template [0ms]
2023-07-19 01:00:17.912 [info] > git for-each-ref --format=%(refname)%00%(upstream:short)%00%(objectname)%00%(upstream:track)%00%(upstream:remotename)%00%(upstream:remoteref) refs/heads/2023-Jun refs/remotes/2023-Jun [1ms]
2023-07-19 01:00:17.932 [info] > git status -z -uall [17ms]
2023-07-19 01:00:18.012 [info] > git ls-files --stage -- /home/gregoriofranco/aa-github-stuff/SWEO-Part-Time-Resources/1-Module/3-week/2-day/scratch.js [1ms]
2023-07-19 01:00:18.015 [info] > git cat-file -s 8d63ee7396f8379c8695862cec94eb5abbf98fab [1ms]
2023-07-19 01:00:18.020 [info] > git show --textconv :1-Module/3-week/2-day/scratch.js [1ms]
