2023-07-17 23:51:15.355 [info] Log level: Info
2023-07-17 23:51:15.355 [info] Validating found git in: "git"
2023-07-17 23:51:15.355 [info] Using git "2.34.1" from "git"
2023-07-17 23:51:15.355 [info] > git rev-parse --show-toplevel [110ms]
2023-07-17 23:51:15.355 [info] > git rev-parse --git-dir --git-common-dir [4ms]
2023-07-17 23:51:15.355 [info] Open repository: /home/gregoriofranco
2023-07-17 23:51:15.355 [info] > git rev-parse --show-toplevel [40ms]
2023-07-17 23:51:15.373 [info] > git rev-parse --show-toplevel [19ms]
2023-07-17 23:51:15.377 [info] > git config --get commit.template [54ms]
2023-07-17 23:51:15.386 [info] > git rev-parse --show-toplevel [10ms]
2023-07-17 23:51:15.400 [info] No remotes found in the git config file.
2023-07-17 23:51:15.405 [info] > git rev-parse --show-toplevel [17ms]
2023-07-17 23:51:15.419 [info] > git rev-parse --show-toplevel [7ms]
2023-07-17 23:51:15.427 [info] > git for-each-ref --format=%(refname)%00%(upstream:short)%00%(objectname)%00%(upstream:track)%00%(upstream:remotename)%00%(upstream:remoteref) refs/heads/master refs/remotes/master [27ms]
2023-07-17 23:51:15.441 [info] > git rev-parse --git-dir --git-common-dir [15ms]
2023-07-17 23:51:15.446 [info] Open repository: /home/gregoriofranco/.nvm
2023-07-17 23:51:15.481 [info] > git rev-parse --show-toplevel [27ms]
2023-07-17 23:51:15.487 [info] > git rev-parse --show-toplevel [2ms]
2023-07-17 23:51:15.489 [info] > git config --get commit.template [22ms]
2023-07-17 23:51:15.510 [info] > git for-each-ref --format %(refname) %(objectname) %(*objectname) refs/tags [6ms]
2023-07-17 23:51:15.523 [info] > git status -z -uall [9ms]
2023-07-17 23:51:15.544 [info] > git config --get commit.template [9ms]
2023-07-17 23:51:15.548 [info] > git for-each-ref --format %(refname) %(objectname) %(*objectname) refs/tags [1ms]
2023-07-17 23:51:15.553 [info] > git status -z -uall [2ms]
2023-07-17 23:51:15.737 [info] > git status -z -uall [302ms]
2023-07-17 23:51:15.752 [info] No remotes found in the git config file.
2023-07-17 23:51:15.752 [info] > git config --get commit.template [3ms]
2023-07-17 23:51:15.753 [info] > git for-each-ref --format=%(refname)%00%(upstream:short)%00%(objectname)%00%(upstream:track)%00%(upstream:remotename)%00%(upstream:remoteref) refs/heads/master refs/remotes/master [0ms]
2023-07-17 23:51:15.795 [info] > git status -z -uall [32ms]
2023-07-17 23:51:15.799 [info] > git show --textconv :aa-projects/scratch.js [9ms]
2023-07-17 23:51:15.799 [info] > git ls-files --stage -- /home/gregoriofranco/aa-projects/scratch.js [5ms]
2023-07-17 23:51:15.806 [info] > git cat-file -s 3f8fcca7edefc361cde434bc46509cb80a0a5ccd [1ms]
2023-07-17 23:51:15.997 [info] > git check-ignore -v -z --stdin [1ms]
2023-07-17 23:51:15.999 [info] > git check-ignore -v -z --stdin [6ms]
2023-07-17 23:51:18.830 [info] > git config --get commit.template [1ms]
2023-07-17 23:51:18.832 [info] No remotes found in the git config file.
2023-07-17 23:51:18.833 [info] > git for-each-ref --format=%(refname)%00%(upstream:short)%00%(objectname)%00%(upstream:track)%00%(upstream:remotename)%00%(upstream:remoteref) refs/heads/master refs/remotes/master [1ms]
2023-07-17 23:51:18.861 [info] > git status -z -uall [26ms]
2023-07-17 23:51:26.833 [info] > git config --get commit.template [0ms]
2023-07-17 23:51:26.836 [info] No remotes found in the git config file.
2023-07-17 23:51:26.836 [info] > git for-each-ref --format=%(refname)%00%(upstream:short)%00%(objectname)%00%(upstream:track)%00%(upstream:remotename)%00%(upstream:remoteref) refs/heads/master refs/remotes/master [1ms]
2023-07-17 23:51:26.864 [info] > git status -z -uall [26ms]
2023-07-17 23:51:34.834 [info] > git config --get commit.template [1ms]
2023-07-17 23:51:34.836 [info] No remotes found in the git config file.
2023-07-17 23:51:34.837 [info] > git for-each-ref --format=%(refname)%00%(upstream:short)%00%(objectname)%00%(upstream:track)%00%(upstream:remotename)%00%(upstream:remoteref) refs/heads/master refs/remotes/master [1ms]
2023-07-17 23:51:34.861 [info] > git status -z -uall [22ms]
2023-07-17 23:51:39.868 [info] > git config --get commit.template [2ms]
2023-07-17 23:51:39.870 [info] No remotes found in the git config file.
2023-07-17 23:51:39.871 [info] > git for-each-ref --format=%(refname)%00%(upstream:short)%00%(objectname)%00%(upstream:track)%00%(upstream:remotename)%00%(upstream:remoteref) refs/heads/master refs/remotes/master [1ms]
2023-07-17 23:51:39.896 [info] > git status -z -uall [24ms]
2023-07-17 23:51:44.905 [info] > git config --get commit.template [2ms]
2023-07-17 23:51:44.905 [info] No remotes found in the git config file.
2023-07-17 23:51:44.908 [info] > git for-each-ref --format=%(refname)%00%(upstream:short)%00%(objectname)%00%(upstream:track)%00%(upstream:remotename)%00%(upstream:remoteref) refs/heads/master refs/remotes/master [1ms]
2023-07-17 23:51:44.935 [info] > git status -z -uall [25ms]
2023-07-17 23:51:49.942 [info] > git config --get commit.template [0ms]
2023-07-17 23:51:49.944 [info] No remotes found in the git config file.
2023-07-17 23:51:49.944 [info] > git for-each-ref --format=%(refname)%00%(upstream:short)%00%(objectname)%00%(upstream:track)%00%(upstream:remotename)%00%(upstream:remoteref) refs/heads/master refs/remotes/master [0ms]
2023-07-17 23:51:49.970 [info] > git status -z -uall [23ms]
2023-07-18 01:32:20.314 [info] > git config --get commit.template [1ms]
2023-07-18 01:32:20.317 [info] No remotes found in the git config file.
2023-07-18 01:32:20.318 [info] > git for-each-ref --format=%(refname)%00%(upstream:short)%00%(objectname)%00%(upstream:track)%00%(upstream:remotename)%00%(upstream:remoteref) refs/heads/master refs/remotes/master [1ms]
2023-07-18 01:32:20.346 [info] > git status -z -uall [26ms]
2023-07-18 04:26:08.313 [info] > git config --get commit.template [1ms]
2023-07-18 04:26:08.316 [info] No remotes found in the git config file.
2023-07-18 04:26:08.317 [info] > git for-each-ref --format=%(refname)%00%(upstream:short)%00%(objectname)%00%(upstream:track)%00%(upstream:remotename)%00%(upstream:remoteref) refs/heads/master refs/remotes/master [1ms]
2023-07-18 04:26:08.342 [info] > git status -z -uall [23ms]
