2023-06-27 23:10:04.354 [info] Log level: Info
2023-06-27 23:10:04.354 [info] Validating found git in: "git"
2023-06-27 23:10:04.354 [info] Using git "2.34.1" from "git"
2023-06-27 23:10:04.354 [info] > git rev-parse --show-toplevel [23ms]
2023-06-27 23:10:04.355 [info] > git rev-parse --git-dir --git-common-dir [1ms]
2023-06-27 23:10:04.364 [info] Open repository: /home/gregoriofranco/aa-projects/tech-setup-check
2023-06-27 23:10:04.393 [info] > git config --get commit.template [23ms]
2023-06-27 23:10:04.400 [info] > git for-each-ref --format=%(refname)%00%(upstream:short)%00%(objectname)%00%(upstream:track)%00%(upstream:remotename)%00%(upstream:remoteref) refs/heads/main refs/remotes/main [2ms]
2023-06-27 23:10:04.405 [info] > git status -z -uall [1ms]
2023-06-27 23:10:04.412 [info] > git config --get commit.template [1ms]
2023-06-27 23:10:04.418 [info] > git for-each-ref --format=%(refname)%00%(upstream:short)%00%(objectname)%00%(upstream:track)%00%(upstream:remotename)%00%(upstream:remoteref) refs/heads/main refs/remotes/main [2ms]
2023-06-27 23:10:04.423 [info] > git status -z -uall [1ms]
2023-06-27 23:10:20.218 [info] > git show --textconv :tech-setup-check.js [4ms]
2023-06-27 23:10:20.219 [info] > git ls-files --stage -- /home/gregoriofranco/aa-projects/tech-setup-check/tech-setup-check.js [2ms]
2023-06-27 23:10:20.447 [info] > git check-ignore -v -z --stdin [1ms]
2023-06-27 23:10:21.078 [info] > git config --get commit.template [1ms]
2023-06-27 23:10:21.082 [info] > git for-each-ref --format=%(refname)%00%(upstream:short)%00%(objectname)%00%(upstream:track)%00%(upstream:remotename)%00%(upstream:remoteref) refs/heads/main refs/remotes/main [1ms]
2023-06-27 23:10:21.085 [info] > git status -z -uall [1ms]
2023-06-27 23:10:34.933 [info] > git config --get commit.template [3ms]
2023-06-27 23:10:34.933 [info] > git for-each-ref --format=%(refname)%00%(upstream:short)%00%(objectname)%00%(upstream:track)%00%(upstream:remotename)%00%(upstream:remoteref) refs/heads/main refs/remotes/main [1ms]
2023-06-27 23:10:34.936 [info] > git status -z -uall [1ms]
2023-06-27 23:11:16.486 [info] > git config --get commit.template [2ms]
2023-06-27 23:11:16.487 [info] > git for-each-ref --format=%(refname)%00%(upstream:short)%00%(objectname)%00%(upstream:track)%00%(upstream:remotename)%00%(upstream:remoteref) refs/heads/main refs/remotes/main [1ms]
2023-06-27 23:11:16.489 [info] > git status -z -uall [1ms]
2023-06-27 23:15:25.317 [info] > git config --get commit.template [1ms]
2023-06-27 23:15:25.320 [info] > git for-each-ref --format=%(refname)%00%(upstream:short)%00%(objectname)%00%(upstream:track)%00%(upstream:remotename)%00%(upstream:remoteref) refs/heads/main refs/remotes/main [0ms]
2023-06-27 23:15:25.323 [info] > git status -z -uall [0ms]
2023-06-27 23:21:46.011 [warning] ENOENT: no such file or directory, open '/home/gregoriofranco/aa-projects/tech-setup-check/.git/HEAD'
2023-06-27 23:21:46.017 [warning] getRemotes() - ENOENT: no such file or directory, open '/home/gregoriofranco/aa-projects/tech-setup-check/.git/config'
2023-06-27 23:21:46.024 [warning] ENOENT: no such file or directory, open '/home/gregoriofranco/aa-projects/tech-setup-check/.git/HEAD'
2023-06-27 23:21:46.028 [warning] getRemotes() - ENOENT: no such file or directory, open '/home/gregoriofranco/aa-projects/tech-setup-check/.git/config'
