2023-07-19 00:36:02.101 [info] Log level: Info
2023-07-19 00:36:02.101 [info] Validating found git in: "git"
2023-07-19 00:36:02.101 [info] Using git "2.34.1" from "git"
2023-07-19 00:36:02.101 [info] > git rev-parse --show-toplevel [63ms]
2023-07-19 00:36:02.101 [info] > git rev-parse --show-toplevel [2ms]
2023-07-19 00:36:02.101 [info] > git rev-parse --git-dir --git-common-dir [1ms]
2023-07-19 00:36:02.101 [info] Open repository: /home/gregoriofranco/aa-github-stuff/SWEO-Part-Time-Resources
2023-07-19 00:36:02.107 [info] > git config --get commit.template [3ms]
2023-07-19 00:36:02.112 [info] > git for-each-ref --format=%(refname)%00%(upstream:short)%00%(objectname)%00%(upstream:track)%00%(upstream:remotename)%00%(upstream:remoteref) refs/heads/2023-Jun refs/remotes/2023-Jun [2ms]
2023-07-19 00:36:02.144 [info] > git status -z -uall [24ms]
2023-07-19 00:36:02.155 [info] > git config --get commit.template [4ms]
2023-07-19 00:36:02.157 [info] > git for-each-ref --format=%(refname)%00%(upstream:short)%00%(objectname)%00%(upstream:track)%00%(upstream:remotename)%00%(upstream:remoteref) refs/heads/2023-Jun refs/remotes/2023-Jun [3ms]
2023-07-19 00:36:02.201 [info] > git status -z -uall [40ms]
2023-07-19 00:36:02.705 [info] > git check-ignore -v -z --stdin [1ms]
2023-07-19 00:36:04.635 [info] > git check-ignore -v -z --stdin [1ms]
2023-07-19 00:36:05.670 [info] > git check-ignore -v -z --stdin [0ms]
2023-07-19 00:36:06.614 [info] > git check-ignore -v -z --stdin [1ms]
2023-07-19 00:36:07.366 [info] > git check-ignore -v -z --stdin [1ms]
2023-07-19 00:36:08.464 [info] > git show --textconv :1-Module/1-week/1-day/scratch.js [5ms]
2023-07-19 00:36:08.464 [info] > git ls-files --stage -- /home/gregoriofranco/aa-github-stuff/SWEO-Part-Time-Resources/1-Module/1-week/1-day/scratch.js [2ms]
2023-07-19 00:36:08.468 [info] > git cat-file -s fc048d2d6e42de3617cbc9345d290c0091fcc7e4 [1ms]
2023-07-19 00:36:20.265 [info] > git rev-parse --show-toplevel [0ms]
2023-07-19 00:36:23.335 [info] > git check-ignore -v -z --stdin [1ms]
2023-07-19 00:36:30.200 [info] > git check-ignore -v -z --stdin [1ms]
2023-07-19 00:36:31.202 [info] > git check-ignore -v -z --stdin [1ms]
2023-07-19 00:36:32.126 [info] > git check-ignore -v -z --stdin [1ms]
2023-07-19 00:36:32.988 [info] > git check-ignore -v -z --stdin [1ms]
2023-07-19 00:36:33.530 [info] > git show --textconv :utilities/additional_resources/holiday_schedule_lecture_notes/2021-sept/thanksgiving/1-day/m2-thanksgiving-d1.md [20ms]
2023-07-19 00:36:33.530 [info] > git ls-files --stage -- /home/gregoriofranco/aa-github-stuff/SWEO-Part-Time-Resources/utilities/additional_resources/holiday_schedule_lecture_notes/2021-sept/thanksgiving/1-day/m2-thanksgiving-d1.md [18ms]
2023-07-19 00:36:33.535 [info] > git cat-file -s bfdbc8d10f3b2eeda3b3131eb61feec2bb376c33 [2ms]
2023-07-19 00:36:33.652 [info] > git check-ignore -v -z --stdin [1ms]
2023-07-19 00:36:41.714 [info] > git check-ignore -v -z --stdin [1ms]
2023-07-19 00:36:42.607 [info] > git show --textconv :utilities/additional_resources/holiday_schedule_lecture_notes/2021-sept/thanksgiving/2-day/decision_tree.svg [2ms]
2023-07-19 00:36:42.608 [info] > git ls-files --stage -- /home/gregoriofranco/aa-github-stuff/SWEO-Part-Time-Resources/utilities/additional_resources/holiday_schedule_lecture_notes/2021-sept/thanksgiving/2-day/decision_tree.svg [1ms]
2023-07-19 00:36:42.611 [info] > git cat-file -s 7d769e2a500fc546669dd204c17607d8497f0e57 [0ms]
2023-07-19 00:36:43.608 [info] > git show --textconv :utilities/additional_resources/holiday_schedule_lecture_notes/2021-sept/thanksgiving/2-day/m2-thanksgiving-d2.md [2ms]
2023-07-19 00:36:43.609 [info] > git ls-files --stage -- /home/gregoriofranco/aa-github-stuff/SWEO-Part-Time-Resources/utilities/additional_resources/holiday_schedule_lecture_notes/2021-sept/thanksgiving/2-day/m2-thanksgiving-d2.md [1ms]
2023-07-19 00:36:43.611 [info] > git cat-file -s 2eec40b313e69ab67ec293f785ac2bc330120336 [0ms]
